9664081
3218468
13682543
757959
18694616
18295476
5425447
9627741
5697154
13553112
1180852
18667079
19177466
7102048
2418997
10140057
2661578
1967885
18377758
7608842
8598040
9656560
1023748
12908024
3335521
15395717
11206557
11440113
3136613
1114314
7684671
6893971
14888011
8440014
827103
8779184
3368476
10789766
2524054
807375
14129292
11890627
7502757
2795223
4792323
11791741
14181823
16471713
17657221
7021416
16612071
7280315
14484096
18237737
12190627
5488967
19135813
10968907
3966601
15184212
11184051
16963992
4133072
8692267
2452861
15142472
1305524
15300706
1393935
19879654
19879668
15472783
8668576
692926
1804517
17197128
9182714
12838209
7944464
12377334
19875358
18700456
7309668
1085198
6096045
5692705
5399109
15949039
17213619
16849964
15813100
9198293
19264198
11343738
19580681
13543369
10601424
13321122
16802920
7903978
17961495
17566680
17675837
15492754
16550903
14489468
1074812
8098065
17145975
14031981
1808296
14128175
11108148
13323190
13313559
5874467
9768291
9717406
17777545
3216888
10630319
18520727
11252434
2784016
8002169
6728690
12265572
4915051
3707491
2222413
11019667
10188970
13584701
19140205
9791892
12506258
8126078
4007334
15089390
14078152
18745422
17500261
16160043
13132799
4434363
3403567
12457947
18057144
1785229
12681880
9452177
10857169
205001
741142
6506278
11890808
8068862
17758151
15022062
19163364
19372308
6693789
14415345
5411892
15941682
383589
10842003
735389
18483163
17282852
19732800
17673863
17161204
16342245
854471
7756758
9860759
5623309
6455587
9211524
10523194
4860705
15399165
9168909
5773861
13184472
4405191
14971200
9461699
2919489
18045136
5287892
9726034
15952902
4390935
11196987
16385289
8436074
15229573
8171778
8143290
12571258
6952110
15421184
13084308
12021392
7746520
10236233
18086164
12257616
9353781
13773170
19443563
9162719
15554121
12893666
3905964
11552708
17804325
15156434
11435340
8136235
14729331
3044833
7844337
17370638
9371372
19030385
14254056
3558213
11756399
1334753
15791203
6465844
3679642
17330477
3363681
6798361
8876401
14810857
10087956
8606273
9856553
14366015
12751362
15385645
3575779
4133819
16575983
19005961
15151434
5516125
8491261
9407646
9863247
4257292
4736697
2500825
8192275
1713375
10572775
6469447
125436
16467588
18540858
14722437
1097191
3042004
9996160
7892912
8072765
11074421
9765974
8284485
19047358
10925023
17806300
13573609
10358044
9415708
6373925
6766015
12181367
5852461
2770182
141747
2450124
17070563
17894868
5170309
1670429
1924404
3493441
17109217
15206856
9234936
5018619
14123528
15687822
8020923
13471767
8612530
6316459
13621949
19715513
1811260
12212198
18437483
4908585
19704625
6142119
15574780
17078523
13403691
1318427
4258307
6925708
9719189
16827745
11477780
6273866
16361121
7573866
13030937
12068423
17722600
5388210
7123005
1201561
317390
9881528
1608510
18674404
13043838
4148617
17204133
2911874
14349158
18578223
18585837
3345009
13238702
15448955
3981927
12828202
16984191
12572873
13627195
18705645
14412342
5566229
8197948
2670002
3060705
11818499
8186868
7920591
12786920
10964766
11749612
14486804
15975560
13790421
18095271
17143831
11324879
13206657
11515351
11334032
8860007
3998506
18452819
1746628
9693217
12989994
782460
16386692
11226779
3024966
12535854
1722921
16933700
4010216
508340
17893282
11030820
12609749
18571519
18028262
6002665
7951507
12788516
15785270
2280795
15904604
11014699
6929075
12583710
19843907
16272078
8212544
5321091
3669080
9475332
16963533
745300
4367591
9082609
10318453
13048249
2267297
12238628
3306336
40110
79120
5732436
14984011
11141129
18303918
11448262
2656073
19799366
5286081
19819740
16207992
18132459
18488797
6221282
13263389
18583996
4072306
2790747
19710512
15042340
8799312
2434383
2183552
14957589
3141930
3863228
4748758
16591836
9170360
11987344
13942589
17956751
7712806
19808934
7676403
2017061
7591987
19893230
16388160
15202632
15109266
12937676
2269652
18146368
1585953
10561855
17555927
9176908
11595482
5977056
9178538
10175655
19234880
9035342
14521632
10999424
16841632
16486331
820303
9483738
6606294
7347092
17307357
19612718
14472544
19774687
2645256
16542865
521459
10384122
8226640
16923826
4888715
7480395
4015767
15682353
4779504
2301057
245883
1213305
1674131
13547869
676168
19509265
19032519
12069908
18452318
2766836
15938358
17788249
8344574
6033286
11970995
8851337
17202268
295173
17515861
12176603
15218307
1880414
19586288
19527172
3201168
17493560
13346717
5307981
19003829
5958030
12729997
14219760
16210336
8786077
18124211
13602215
5327760
1754815
14093871
3033542
12681906
13064162
19235024
17119150
17119340
14587165
10363295
5232786
15791368
17370406
19346330
19140427
7335543
12731867
15734609
370411
4201826
548280
8936868
12422626
2840804
8147156
3064417
11691071
6719972
1144800
11009510
4296570
14538408
2605472
17156618
13827575
6546589
17161583
4421462
1647450
18552208
231383
17690248
19899796
7176325
16672189
719376
11607970
16054405
17136517
4503139
2027166
1209580
17719239
1472385
17138888
3953288
11392568
5435256
9363891
8909694
17906232
10419991
1639089
100537
4885563
8542090
5149026
7650296
19750646
17569250
2654104
9724651
5144678
5107099
19757504
3966652
1242955
202292
15306300
6492388
15748901
4885839
3779964
12319077
1525539
13660532
2242456
7679798
7547748
16912409
13167539
16876984
18231307
19084074
6492403
16795125
8498868
13649726
17393226
7408948
2519649
18666726
7901605
8449985
19056449
10646759
8893637
5249088
1549454
4638877
10625531
11183849
16823488
18416023
17879552
2053055
1924387
12649111
138489
14648827
3604499
15210554
17384947
16537929
17135056
11557534
2667029
10024670
3855941
18615057
10179351
10290680
2383366
11363915
92264
18049495
19019195
3482729
9865032
9658290
10259779
8423535
8909873
10385781
3317039
19242818
18004131
7729794
599746
12997361
17400327
13645710
13541176
15110755
15773489
12424312
16668243
12560993
14574020
1312776
7126833
14050907
2124297
17513061
4461754
7866375
12408594
7535145
12669442
430662
16072964
9290451
17008404
11513901
8390745
3520346
19268429
14451234
5958190
6969627
18901270
18899740
12090112
12459616
8395595
4106936
6392388
17184017
1087404
18552512
9564462
19338263
2770301
17278276
3298230
18656682
6648244
7067838
158239
4476401
10897039
10707546
876981
13215697
18877149
17196795
11102582
7465141
17336934
9155997
3589025
4745760
14100547
10482642
5088876
1764251
6413142
9918020
15547140
17215512
1733404
18660204
2684203
18722357
14211811
4217608
7691056
4482548
11150907
6119295
4168686
7074002
13671157
401689
6631751
812745
16197768
1486694
8321436
1575965
18062293
9203221
18375350
2097323
15876353
14443307
6226295
8020332
19246104
19036999
15931882
4918497
2118968
19337493
9370703
17415833
9919778
15887731
11011654
588240
2432863
4974906
4690716
18330015
5369870
11934117
991167
11274013
14420789
4738458
11490637
12267172
17732224
13869015
12447890
15544810
14465510
9210849
1348881
10943360
3505035
959714
5310144
19471238
7036068
13734815
14939151
5382636
18738988
1736620
7105949
19646110
11324719
12714822
7619466
17541155
12280573
18730152
9195630
18233615
15096210
5515268
16842081
11234365
15275481
4093342
9896960
3678993
6634056
9688357
11090658
13609053
17817066
14632442
11074139
11831373
2917441
7432831
278332
19456957
12910375
1774921
1287969
15267125
2249011
17999110
2056579
2751026
19274769
14431687
1476086
19900451
3838245
15661483
12463709
1108467
18799586
6787704
11248757
5103411
7131385
16545128
17436110
4808126
11707793
10780487
17221545
19632771
19471953
11032536
9676038
8202721
18515773
7191097
18778459
1120808
7814838
2387352
13856983
1246527
1246519
3037488
8555988
4320584
10032422
19173691
1230139
2003062
2873006
11681240
1786910
1961486
18958165
10226198
8522825
16074035
858694
535577
19699895
6917349
817687
16906459
8938247
10236365
19866276
19661682
19210842
16180623
8223862
9255178
16187122
3042450
9471236
11843670
527835
15541808
11417981
19466357
14238548
14048087
16944283
19705876
5814663
12591756
12289253
7082881
19093231
18660566
13873772
17957480
5155333
17340689
8130415
16897440
16666692
5335263
3555345
19807434
5317508
12348449
7350418
1918715
2568355
13132977
254820
16091818
7219620
13882274
13923856
18357681
5963012
2727107
19836884
2539594
15703528
17863451
18278233
10280914
7898699
4938138
18847559
5459145
12173584
14841311
7784242
3528637
10911210
1814500
11231154
19637594
5307193
6238473
3862828
11884473
8131288
15564708
18186608
9020388
17597360
17159412
1095043
1745273
4920022
10770762
11083368
5364634
18766788
11080328
8059100
7694417
3225530
8200319
6193681
331312
18869952
19114071
4360403
13614004
7927809
19557781
14864230
11144548
16622071
11118045
17856534
1631879
11418299
15984406
9638730
9777939
1040411
722571
5873929
12639306
7943641
10984440
16742421
12468965
5733346
13354806
9387374
10494589
14004858
9789287
14100148
5197508
2016775
8376243
1345081
9937013
8917888
19187166
4183257
6818702
5879360
18559706
288506
4026410
6240180
14478624
4389454
2655656
8330258
844612
17658775
1015330
13912670
12296834
11515096
19158329
13528688
38225
5975649
6535490
16764948
12009399
14169137
6305095
17089073
18973896
6557061
1596410
12396581
768925
11374622
18556845
18301577
9821752
870313
18278016
925770
5605243
19468508
15308627
19798428
11507438
5523296
14446540
14305024
2539659
11540662
4062387
15117064
10288724
1237495
15848345
17606507
6540251
2340709
18635340
16706622
5580965
18346514
2116544
11347944
13840924
1468354
5485154
13800242
9745196
15349683
7332003
14140730
1657611
3222406
8952311
8797287
15875349
19091895
17995996
19041299
5187992
5061841
3892142
11552359
3890648
18977727
3195004
1721122
9293039
3560245
5811170
2318911
18768325
17860443
18709332
2193678
231484
3636971
17869228
13720194
5050092
11318577
18174220
2687415
11413650
2070143
11373173
1333001
6445283
364392
16038111
11477306
11743658
10968779
9178271
10121840
19793226
2734975
11031170
6098394
10537214
8686528
110073
17370899
11557043
16524089
849965
9498249
2948949
18137129
15218934
5140940
12533678
15131755
15580145
4465019
6908895
1786497
13002998
4237260
1844784
1091743
3920909
14400819
15545774
5458790
11338164
5040595
12051663
10902168
14849409
15441783
4360835
16382041
12912066
12449973
18451582
16667948
13498033
7208476
15891204
241139
17317003
3711839
5864354
12257382
5908001
1535837
8432878
15045184
5922611
14991077
3751734
8214265
12957886
2723464
16511306
3233024
11353245
17914537
7919609
13638581
18040583
17713565
12994546
2448733
11877105
19015857
13194599
19576179
6566241
5891042
516324
16887669
2553706
10099463
15310358
1443423
19510523
14138375
3912778
6355
18205646
747213
14319571
10504434
2460875
1743998
5475545
9711455
5382335
1864146
9305836
15752127
12573876
5222182
16578176
1993970
10951110
17379494
3694912
10491206
11506777
13987262
4312082
7702704
259283
12109171
3874782
19590195
12923942
3282820
13538478
3694766
10124946
19772770
2211305
19616846
17339039
13825511
8475048
18410272
2942534
18273927
7080137
11756857
10459273
12080689
19519687
12072253
6590655
2656767
14451788
5157747
13651699
19583874
14399069
6122718
2644653
10867181
9816423
1875696
9223079
8024194
14073343
3115147
11542153
11724603
13295849
5859594
13903253
17603196
5468190
3438579
2622145
337183
14773168
4367333
17405787
13774809
1530385
13601084
17069970
17226542
10152848
15341252
18973859
3968687
19634657
2167965
18411335
11467362
11135524
11999782
12703538
17134922
11885545
3145081
9875569
9684662
12481618
1896530
18521444
2405030
14650550
5328620
10312726
4446805
11578768
5299530
17673645
19516859
16124349
5492192
417647
19354473
15579033
7250523
11295304
12107909
12393625
7386193
17819270
4484181
2848262
15685144
16534568
9256698
6750614
5183913
13195224
11760130
3805529
3939400
10502961
17288030
17537717
13740008
18460558
18867199
16624018
13581741
3024657
3433748
817736
7528388
6223314
14417685
8954164
11675519
9794867
4371601
13795581
19023627
4034035
1311875
14926593
5293611
8997831
4907076
10094721
15179658
18902866
16114805
2913327
17658533
16048338
13653796
19784522
7456497
8255474
15893930
11784629
18312856
30745
6658325
9527181
5708042
2167348
5981854
3764457
7809193
11807020
17164520
4647132
19242106
10161677
13448576
17948552
3500855
891360
9030132
8852717
6213739
9209428
10769091
15394204
3381091
17177944
4266609
1892645
9080322
4823255
792852
14731040
16046769
6960175
5818571
7329600
6860703
2427990
565573
12340548
6833851
17181252
9790376
10346283
783241
656796
8500122
12094458
3983147
11890542
4650192
3390589
4023697
12097885
8704452
9712232
18309770
13247035
2012754
25776
6110057
7068704
11545653
18603253
1116201
8481765
1249560
18147081
1096141
14751163
14946582
8492223
18654195
16646918
14183903
311616
2360994
18456669
6929631
6080928
12529858
10486161
1284514
12769826
12330406
16705947
10987411
5418198
12481377
16736177
9765412
16350679
13218478
17159843
9391266
19536552
6279974
17560290
17249198
11117217
14604491
10072151
6674762
5415164
9022241
15581626
19297936
17770154
8933408
11683246
12150171
18853386
1172158
5923938
3701635
15035682
4251405
9218444
8107993
5143027
4799197
10034091
4223795
9775686
4546676
1967375
5421597
15071079
18100410
6141120
6404912
19493185
11080356
16310780
2714729
11923406
1615065
9671334
10331853
8863223
2138526
7837522
7679163
5882590
179628
528728
15808759
4534601
1907294
2403490
12772704
15040214
5068220
1957635
3301858
6955117
1458548
4296523
11407354
4880928
14389003
12855517
8545404
4545355
606822
19421339
9450368
8127862
8993520
18649864
16428055
12226767
3906346
8427488
16316943
4499178
16691140
19170910
3758754
18624357
19031851
1190346
10758002
14284629
15627247
1763928
994282
14998559
8152009
14081151
15360767
3420466
8423762
13562265
19065809
18019478
18418996
9422841
8839465
8517041
2569558
13817729
18164556
12000941
3198468
559653
6316612
15944314
18343796
10963416
8142031
9048690
11649749
9604143
7847826
8406882
5151921
9955123
18608677
8378362
1634205
12473331
11878353
11379661
10216089
15742591
9483881
11446522
9666497
364833
2102449
13762186
11388939
14518567
17518079
10560925
4689343
2776997
12394313
19038555
3145550
15880185
15983038
10513588
10354202
2877556
5298388
3601642
13075259
10007190
2425747
16843602
4840582
7229731
3125526
5137425
13127385
8680986
1291491
3503120
12906179
4515498
6183626
14645641
15636612
13730108
3244666
13282893
4449282
2832943
10133865
8873030
9717320
9277229
10243248
1951352
8922272
19881913
13015824
7926484
2676782
19886452
5927446
9388276
13469921
18401675
5791169
9801645
19338635
8568574
4967107
8127872
19172043
14144344
13561633
10816175
11718575
4084777
15998876
15598384
17498629
11812596
3847006
7598440
2327959
18602739
14439652
9262926
3526110
2309496
1046904
17403789
19135241
9397684
257277
12938693
12182898
18141631
6026985
7560024
4212473
8602893
2110618
9086948
8153004
16849064
17539435
1139562
10171945
16952473
18743861
7692003
9796332
15923389
2797102
3035147
893467
3386114
14899534
19706097
3213630
14478943
9267539
13419232
10665987
2606457
18580906
837061
18719891
5295186
1059811
18928692
8644976
2710228
14469473
10124448
5386952
9792820
9220371
14420422
10103724
3160088
19836282
7986687
17332313
11601892
18061878
5676120
8754499
18688053
5426069
1921554
7223534
13682022
7557268
14158158
14405918
2363130
14639767
16818509
15289854
3914249
2690184
14464293
15325965
5921512
313098
3748644
18911705
6402606
9832961
4495873
17130667
17967956
7383057
8571541
18798084
3229947
13201808
2942737
13815931
277269
14279894
15941708
17531008
16915338
16574935
16592457
4404088
13582336
16913119
3115963
6398252
5981508
5056789
8862561
10862013
9756808
18175887
13913751
19488267
12341896
5515533
14750110
7617288
13882513
3287145
951874
13644296
9777231
3535299
4356175
4044380
16021726
6879090
7099205
4866980
3397657
2334086
7717244
4689402
4224081
9919225
8812905
7746531
1385504
5113280
14906454
15980275
1470013
5930987
89752
1003040
6330591
16392365
1469880
17541734
5853420
3257169
4277178
4533405
7122274
19776827
19802882
19290311
19679696
14669748
8834944
8235871
18962533
6114381
276790
12097424
4235695
17998309
13417923
16121531
7742094
13360586
3500763
12029688
14933371
7769418
9674700
16566339
1274422
12049188
18918061
928530
17977381
6769923
18947329
17418353
19135453
15548715
18632008
1480558
13925295
5768208
1955154
14418123
1106652
3926529
2476633
11073512
16256550
11480957
16711264
8346756
3094157
11308855
12347697
16174908
13141816
12642801
6146164
12142592
1570303
13212959
4963364
8742952
6615823
8150032
10209943
5058032
8929827
8338959
16163905
4764584
1630274
8952764
6739534
5160609
5656668
17687975
15458262
5503630
8875629
8066880
3567331
1108877
10904274
16422888
8468752
2521810
13002608
958166
9334169
9261812
15761930
10702341
14776524
13208362
11641691
9802214
11829257
13044258
5415978
18528028
13767718
4773730
18349357
8265896
15718115
1145473
5659824
2163298
9487987
6177730
14716977
1209101
7608326
14442436
5701353
19908155
633898
14265397
10311002
7120162
2279231
18682576
13083354
15972812
980069
18549745
6282701
18307373
17220628
18340808
350635
17942189
9932721
12099120
6577072
3112646
4567250
17524887
5641139
12800624
10205308
13520031
14255603
5113335
11696624
8115059
8879904
6358395
17846356
736191
3599275
4824419
8384437
6752490
350618
18721153
18531495
7848156
2228547
12814060
13136561
8601306
10482763
14119228
6630489
19320602
8017349
14714126
7058544
17708972
10652171
12981274
19297758
2420753
2750804
5625844
17105865
10784740
6732313
1740492
6765205
17974271
1889123
17717503
12719241
6852878
6819915
8433226
1795494
13710190
14512858
9861236
14531195
16018989
12603665
19857366
14614793
4364023
3971429
5699647
14416992
7937876
17160237
5034648
8265892
12991521
10667593
12757432
10684219
1907960
17160084
9483953
528312
280203
6314574
4760590
15179239
13099275
7557832
15239245
7517545
4372488
5175313
13140984
4955413
16569765
3182531
18994935
10071833
5518885
3395461
12367954
9876690
5879725
13299647
16195840
10865421
6710549
5566029
19665450
7389536
14663185
4470096
14443876
16115790
6865603
4197649
18980108
11976807
18763347
17760962
10895626
8020149
4522575
5915502
8027658
11257329
8143773
17033459
4529820
11430594
5762595
18960971
15216201
8884195
1320571
16270849
9321774
19087141
18231361
13191219
4445013
5512355
14712696
17007427
19040856
19161138
14474902
12413211
16122037
9112667
11487189
5612932
7173963
19090507
11108465
17912620
19803705
14184188
15621698
10602651
4978545
16531371
12441626
7848058
14000505
19186554
3301650
6115517
7374516
5231770
12209963
3246630
19586849
6602377
591270
9655888
14192873
14148919
15340434
19283943
7149982
9590417
3259760
15872156
12873777
13300827
12635540
14994838
14954894
18898255
9809423
938028
4514638
718562
2403919
18520525
15136547
2228971
7116003
9314316
12440174
16677039
3158993
9829365
4706982
9178981
13014112
738893
11552765
15634880
7998398
18971415
19286925
14485210
10820997
13088063
4440403
16733016
7814281
6338871
8321990
8464529
16203805
3463736
11753750
6415350
16060509
7011253
14558196
3069194
4431436
18538296
11051272
16784137
5785708
12999956
18227088
8865962
4069031
9980431
13555276
14751281
18248665
4495890
12281784
12982329
7675835
12478338
7803227
5257881
15664777
13932348
13196683
16126323
18978224
1553826
18690063
8774501
9336776
6258114
113714
2221588
19724985
11897688
19746283
1390712
16572569
15303249
16502196
2212507
17674585
6641664
8817457
6951075
6610653
4842355
14716381
9756606
15770860
12360109
14777988
10794325
6938996
11806871
1945395
4161740
1292494
4407757
7788843
18618310
10513121
1817568
17383910
4426867
15042210
2280447
15859075
1810767
13447584
15432755
16645007
14478866
13454011
2605943
16882013
10893967
18746610
2754212
1973372
13499227
5382367
2283882
14846573
19698491
799813
3045584
12657389
1499785
873831
10522635
19332306
15197573
3988957
4911929
3294755
16642239
8186467
17536926
7667831
16908465
4875789
12028176
8203358
11260985
12747101
7557402
4042951
13870372
9265219
9117487
19867839
8435752
7321876
10030476
10398014
15786928
9180205
11122879
1717600
12773256
12368783
19056439
5206614
16343486
7066697
7775437
18647737
16311639
102545
19724922
15066692
14335839
7223389
19739587
11584685
18135550
9804631
12707880
5283032
16732703
11032757
373885
7612009
1174214
15703356
9202117
15349480
11571083
3204583
5484665
7127727
15439631
15170271
3321127
11139466
438565
9257556
5604196
7762016
9513353
1009674
14278265
1719353
8559604
9768394
581581
6186181
12228324
2893570
7879499
7723389
5814718
3416405
17113998
8830990
15929598
13639185
4225492
18066508
6574356
18917261
1977039
1732337
8701469
7395846
11913883
12434408
11540582
14746654
19330111
16551354
15966715
6898871
18550112
13865124
18055858
10509658
9320848
1648547
5501895
5058582
4560853
13681322
8674772
12457699
13937419
4178641
15622217
11211209
19572968
6439680
7292587
6759158
9210171
14141671
16636890
17005987
2237993
732759
5186331
1939279
10666562
35879
19867562
1253624
4704017
3416239
13861672
11263713
1588061
18496655
9343019
1603558
4036437
12639847
8669330
3145201
8988720
1642444
370804
5002414
13623796
19098697
15237935
958189
270735
574825
7818599
10797849
568125
10464856
5650586
362095
9861529
11686607
10000478
4908610
15688096
4985000
17839612
3773678
11062247
15347597
18764142
14307034
10980158
13611647
4086171
5123145
13571797
8617821
12734040
13680268
13863913
11426256
17557916
5290106
15570657
6814618
5092768
2935312
19438773
15542546
15298699
19871471
14547703
1248657
5549406
13988008
14980786
5803381
18245279
16981890
16578888
9775848
4782764
14305940
2415326
12423595
11267464
15158789
10457811
720197
2377983
9887378
11063192
3747575
17754237
14939032
3443571
8195059
5123129
11357134
3994332
11256798
4166408
11430933
8312087
14952060
16406562
2434706
15064987
9919022
6790541
10208759
6228116
6640315
7835444
11658754
11591950
7172562
11905397
738884
14430412
18538937
13819638
15867524
7061969
7263922
5971383
2664175
13237040
12894223
3702623
9115283
693050
12406625
10694024
4246333
13611548
17035119
575278
19559413
18182319
9011960
17174629
2790730
9550766
3872707
902595
15268939
1827209
10083149
10335529
7280048
19200854
8699168
14364446
708879
8496341
518057
12011426
8510019
19147267
11060053
738939
13445237
5531274
17049802
15697302
17883663
11732021
6074501
1822703
2023797
15083436
1045753
12405669
10543915
13204808
9237405
249930
1041265
12886625
4291371
17695216
14974234
5755136
18764865
18450643
15546361
19692164
2274791
2084604
18293596
8881364
19620769
9488162
9378487
2479493
8132577
18454114
5811714
17446820
13643296
15290450
19122885
7836905
8097109
19236556
1311957
7104831
7522953
2208553
5565805
14950089
15717391
8645669
4230176
17360400
19461689
18268053
16829129
15190419
16839878
17154833
6877856
360026
6031635
19551289
3031716
752012
13139646
15915626
10074328
3676400
12046394
3124973
4999179
2075820
3952426
10367836
1597031
13936113
10234693
5418376
9048763
3170010
2095114
16818512
13980605
15831482
16518146
18945421
17108851
18711907
10453941
7099934
6446866
9465071
10947753
13833386
2137328
13763947
11905220
18235050
15984737
15872555
14436687
2303365
5929792
18288313
2347396
8501911
4844553
12609534
12311151
10501475
4730496
17097374
3121176
6514094
2176038
12833964
3265618
17641407
9554345
3092872
7592569
19554917
12953364
453708
4270107
9451309
5441929
13612987
3753098
17290973
6701383
12612939
18787186
18204934
13912911
13353770
5891924
4542482
1365173
16575396
14719244
4480933
3525406
15108128
9414580
8634900
10265964
5857307
6132332
19739451
16813550
6635510
2775454
13112365
6474489
16121245
14062108
15705239
10732961
1963579
9582309
16279760
567709
15125611
15285605
15229050
184751
8396658
6616400
7545091
2788971
6748744
754368
16946013
6846142
8947954
12027274
15950688
12373320
2134921
3290273
10319541
5582429
7324904
15546337
18094328
801002
10237430
9580240
2377009
3465271
10094728
16910926
6165964
3507508
18800546
7867054
3809999
4911306
17038303
8054132
14295202
4387003
17098600
18966488
7505004
15843720
19179595
17113143
12528517
384985
17349898
17652975
1962431
9892338
16789788
10926701
18869987
14451594
8780887
6004286
1186865
18295208
7398932
10007384
16451788
5594781
18427312
13272374
4716690
19536228
7970653
19091266
19306486
1143409
8193491
6450960
1819714
15639540
16962643
1946511
12230594
10990262
2707802
5298949
6328829
18679269
14850098
130075
16756329
5338552
14190224
3155245
10254922
9798936
19187065
9185523
8990097
9099110
5075621
223032
2078783
10068872
8960850
13719072
14559402
2341668
17018513
4404635
17758776
8728206
4843385
19081917
10959098
574068
14522270
17961074
19160322
15622583
3680215
8325210
2317242
11930984
13659250
5654330
13915521
2922197
19402446
9240181
13720894
14022695
2087109
7289329
2880539
2234515
4167736
12075474
10821415
13237080
11022883
5628574
16659488
18568575
8189648
4289154
8279888
3619566
1121295
11982441
4272738
9785500
14524796
10721802
10501590
6008736
11631613
5486976
2703794
6096788
17582638
17328139
13804674
3438956
7088290
7604110
18825513
17368891
9319005
1356118
13740616
5756142
8750926
16655604
212728
19389887
293799
12647523
18995676
14043239
9971622
10173200
187014
8126094
6609000
10099285
616498
11243917
9297895
1636015
6402424
12656316
7852511
879981
8343578
4831435
6552379
2385469
15999321
5349001
7020317
10141663
17691007
19778421
5919630
19748856
12363697
8004516
8829261
6719001
1854453
18929983
18429144
13959892
5724008
9645855
8225287
18865022
248022
5983798
12806281
9865106
15708396
12990498
15926933
2496574
14463020
13141449
68819
12690928
15086867
4531284
17421267
17302982
8600069
15436438
5280950
3942728
3386006
15002315
9060275
18708061
17634128
17888466
13946551
3476405
5692369
7773007
5525127
8657307
19394815
6440685
3296096
3745784
16099010
10680721
18811867
3997851
13945653
1104062
19838535
7369781
9816043
14108045
17681912
17820766
15935658
12770102
18307465
19342081
13514266
17974455
8653235
19903933
11439722
2737631
1065623
13017409
19224057
10082917
18647425
14261312
10336583
10337760
16950011
3435828
491814
738461
15192566
17485733
816586
56020
10690082
12294276
16313048
1249001
16030184
7170322
8834864
16924312
13771317
3863558
17861792
204347
2597023
16995692
18051014
14614421
13850970
15216043
14741023
7179014
9879246
7218606
15192188
18202125
17200249
6644949
2821325
4234143
2917480
6304865
16767360
14173317
6214161
8124115
5085632
13736939
2874425
16170829
4088390
15558461
12209968
7578301
6814101
5924698
7680959
5931355
14129163
4439593
12723715
5452795
1366496
13087807
16145598
10963979
9529709
6337809
3526249
19569170
14125891
18884971
1992181
3006294
7144976
9004228
17952693
17312091
7400217
8760898
13539387
1311169
6935212
9210215
8067805
2643619
6736362
1304182
5323506
7525699
15041460
12110891
9723370
4497370
12117583
15842823
11540931
1338889
9418147
12181195
322008
18701010
5990332
11672585
2452787
9900637
14962723
17326254
16033229
10567543
6792117
8519017
9361720
8499524
8055028
634282
10051167
6675162
19315413
15060293
3947221
5654539
19696462
8961610
8068886
1311436
9030400
17397096
5547411
11532935
160531
5686226
12454654
18618727
19191372
18631615
19617023
14286579
1143298
18692047
6194483
17388053
17991769
15927916
3073459
3324030
18099046
6465485
2818980
9562977
2450501
10802383
7456587
16318944
11245742
6516236
11350993
19884971
14799448
9351166
16648253
2173394
6965702
11903216
5174198
19261226
4139796
2513310
17381485
7432700
12190499
13850280
10429249
11985299
6496714
3538562
16144441
15179897
12297624
17055268
17926601
11780669
2603536
616055
19246518
17718764
19316260
2219211
8040432
12263518
17399470
6145323
10318633
2788094
2733465
7170914
6181812
7280558
10782955
11386589
4075364
2002686
15656125
4111498
3475793
16034299
6334431
3153802
9319472
68776
11546461
468449
6941221
1000472
14479999
13397495
9464254
19563557
18555642
17636983
14270133
5202523
19772465
9525594
18740855
4760721
5887271
13006470
13664402
14644497
14739027
4354152
17395611
1450458
14392776
14701416
5888940
6612286
2279778
9431723
714005
9356527
4903495
19375758
1152624
7085587
7995053
16116434
5114841
1089255
15420567
9589817
13704475
8251673
14483444
18708597
4093237
2642332
12925856
5301966
18524702
669696
5219263
160605
18807432
7099045
4606447
12673613
9937341
3507777
439617
13747624
9118599
17653237
19177478
11515859
14106598
6495500
7955073
9719300
14397441
16495161
3288397
318939
3374630
1849602
16331282
15730289
1616896
18073824
6343145
7287954
13593248
18481045
19753928
11685561
1033897
4540915
14967964
8147427
11808317
3595788
16434169
12422391
18161172
2388226
12035572
16126853
5533675
10837538
13570396
12982614
18215373
12583006
9344163
12210921
6832359
9999328
863588
17244767
6917528
8281496
2052912
15174478
8226290
3594047
4730230
11531951
12355217
17673877
10083708
8895512
223794
9301709
18789845
11038635
5129705
11341350
8222754
3319540
13714610
17863202
11734614
5946025
12436802
8377064
5430275
18803420
7971394
19189983
7587110
4273933
12688312
12639631
9128215
1130343
4330595
19152486
8691571
9405920
1120842
1467109
691278
1485631
13168684
4778601
18671484
17484364
7108674
698811
10091319
6639935
18410790
10035611
5969842
5450721
2069002
8088191
17833845
1785540
12877694
6362342
14793483
2778218
2264417
10079001
10358688
18559129
9934379
5033761
2219535
9044622
16828413
4734448
7552202
9044227
11895702
1712984
6615564
2568560
8963880
1887192
18053062
15059160
2810910
19545161
477695
18386305
5981235
3317074
1083284
1941462
9996112
11305498
14903722
17835462
6818482
35229
1299844
17821049
12963781
11389161
13922531
15342942
3607255
15166625
13233784
6255152
9787529
13679310
11902684
18408571
18132647
1204222
19785260
17837483
15924043
14258858
1713306
1587948
16037925
8536380
7552249
5403700
5304630
1192213
6540507
1366350
13489552
15165268
4888785
9199356
613341
16147391
17379168
15865286
5108138
19354134
4035177
9924133
15796442
10967500
15512046
17064776
5732502
4619985
17662657
12346353
14804952
6493836
392665
15942751
4944871
16707679
14358913
18513368
2334612
12320398
12288716
11423271
17412035
15497037
14984422
18677373
10528706
16527893
3578377
12476835
17777120
11265885
7618375
1046481
9735221
10502449
11224404
3731295
12238306
11304495
19806007
11075848
13284152
11486431
2802821
9876445
16518336
7584373
10929428
9654357
5430186
2628763
6665162
5398856
3736112
15213009
16247902
19917555
9701077
7703325
1810786
12469399
7704381
19100015
16056348
237046
12990203
18342319
8798995
16738298
15376841
15052305
13767911
19575113
13915648
19139590
15733087
9367893
10050200
19565077
2814654
1631056
18617371
5194787
15116605
7697780
6088149
15339694
6535570
11163772
4831596
11618997
16862827
12624820
8844294
7307923
9738343
2664260
17128351
16270675
19922245
6203401
7394409
2190277
5914253
4336003
12652852
6848826
16823039
10841364
6963193
8310342
13624725
17240789
16567514
12076860
17722919
8658432
4315158
4387181
2867142
17652831
11942626
1324986
10208590
5678618
15976527
15722293
2550230
2623089
412035
15007478
3876351
5995146
18707914
8212265
15750589
8692139
14374383
17211504
18439613
5926062
19466552
18703030
4692756
10745531
6548413
3951789
5999205
16810294
7681961
8240760
18496915
2382259
11120782
9504353
1627940
10618995
2063909
1802346
2835316
1994396
5427247
17633668
16875311
757693
7724463
12792497
13101082
10946784
8630202
4655668
16127117
7796216
1134895
1770119
12533168
10528590
1528610
11821995
18000168
3356915
11758701
6337734
13722493
2785862
13228273
15061355
17591221
19800256
738311
7173648
12098677
11209468
4493659
1888933
6672752
9036373
6773347
4588086
15979175
5431752
4505500
5587425
4237142
14375159
18624699
13040664
17696858
9099314
5052899
17894846
7608836
13124591
17304843
19344471
2959944
3234736
13114259
15048817
5349508
15397319
13064370
17784928
17601599
1925449
17471376
17174231
13127691
8935771
7256729
9105648
10035449
19419209
19088465
4681179
19664989
7304616
16455249
18254839
14534994
6124286
4865599
6344564
1809601
9116974
17579236
1976690
13396979
8301046
6371051
3460391
9157271
495976
5561007
9421934
10006498
7010236
9584667
22408
17720147
11924250
16677539
17434591
11242775
8400029
17553482
9368633
8469404
11310620
7652631
7825705
13921288
9556662
6854609
18856357
8684213
10625776
543243
14551336
2748324
11746387
17774024
11310464
14658280
15990867
10612745
8053582
7473670
18586603
10351152
6579595
594160
11590792
6524353
17900546
530257
19883420
17831299
9418078
19517048
17545710
8829247
9734510
12546289
18064262
6865173
8680532
7948746
13005736
13247419
15102250
14407539
12018752
2493820
10460107
7889059
19626604
13866690
19267275
5924424
3851747
11217675
14552298
4210656
5774643
2074223
10604633
5235496
17127344
11526424
11847287
14153844
9099320
685815
8296849
14063961
4374953
15645719
14543786
537407
8651752
14237789
534311
12534429
13079885
18275688
1323465
11951855
7656502
3335362
19127220
9788605
2431468
17726414
11166500
8255743
6507656
5395233
14450488
17864018
18656457
3232552
6708602
9593328
1112133
13092828
11318372
12267654
18001657
8362808
14157929
5843394
12689017
5333218
9329896
8615737
18234890
59053
3600906
3342160
7685937
2716330
10710269
4650348
18866161
7741807
10243927
9241135
10026306
16940925
1954618
14480142
1228767
8413681
6223625
13270667
1086113
10552137
16010292
15216857
12291021
18649809
12712287
1164667
3704330
18428187
16279359
13474897
16914578
8707542
15785094
5488755
7197256
11122076
15301843
18870399
15091182
610456
13949194
8796704
10044800
18925160
4814624
12878083
5305039
15107106
1029955
18305256
12934195
5841941
14992609
4218255
7260918
12508357
4110756
14902626
15751975
14209003
17159370
3571462
11144760
13741739
18178158
16760567
2728427
15540627
19827231
7560140
7145847
7416124
17270381
5833462
18064234
18137949
19517832
9226798
3395004
6695395
1026544
179002
19589237
6259871
10171933
5064522
6667102
1238628
6469778
14930715
17220284
14073918
3423015
13367640
16762157
3675225
12637342
12815755
4282904
10621522
1652465
19400565
15842689
6340456
7073964
5894199
4689376
1620266
10256986
813282
4528120
6049345
6001001
16864565
516908
16087646
8306411
6529495
14654179
9340536
7356540
10287061
11956389
17050883
11821606
6601399
17481461
5988304
12804701
7815161
12485799
3575461
6034835
4570592
15474928
15421570
13801417
8626601
19413554
10794039
11563281
8288789
12411919
9628841
7510383
11084469
10669250
2746801
3094279
1892961
3334225
4653162
5129408
14833520
19711161
1595444
13694899
2050537
14762837
3164990
12257539
4655414
15038438
8691848
13368174
6640146
3306650
291469
6346765
3707710
4524063
1411411
4657905
5563904
2135710
15173630
19376792
7961363
3212941
3567497
15316402
3596290
14769696
5733721
10394451
14558074
13848341
1380926
2873223
2165973
9141929
8676718
4614921
9925596
17528713
15827943
17086459
19168209
4696213
3217777
16027496
3266347
403699
9710434
14545260
1251503
6123154
819828
2268197
7761672
12981612
19202282
3783707
2701417
8222877
8360728
10133498
16192152
14894630
14732758
1514701
1535378
7772248
5374578
1256142
13346296
17473404
6857530
10869470
7685704
1778
12432475
17752646
9069941
11244086
10487301
10612167
5688850
268788
4585759
9928137
12618244
10885950
15147651
8275929
13827935
3542421
3789030
8692586
404911
14026204
6618885
6843111
1060083
14177058
2452587
1078130
10576473
540346
8690337
14043579
10442557
18785136
2019857
14549574
6870038
17201883
13637534
2552028
5526608
17310294
11380702
7277033
7300194
3082565
10113295
16749984
19722902
13514996
3757360
17555182
474477
16835964
13640220
9665354
11309500
3916183
11200690
13700662
7359502
6354144
16348728
3357906
5341432
2421320
6760565
14507474
454216
7985392
18759903
608214
10366847
18162946
3628463
2427415
5626259
3792940
1955585
3597119
6335049
8928334
6933579
4605405
2563171
2511120
1872150
4870009
16089839
4307191
16970513
15558801
18345436
14024166
318527
19150917
15483572
15885367
9538440
12836661
9432927
10026129
2397922
4383386
1626215
6518679
3629164
12688992
7547626
8246059
17065429
18463639
13042176
10464795
15922821
13050602
18334883
14682313
18834452
5999949
4417328
2667072
17472508
4206991
18232651
5570785
16831436
8602648
6853688
16055768
17850793
7292848
8829478
17160889
10250206
2599727
1259734
7534928
247941
13944924
3155008
84781
17027484
16800903
9066854
4708648
5221103
5022606
11123355
1664094
8601431
15376466
2201461
18440849
14389981
18851306
4388614
3249214
15373398
16053485
9943825
10996881
10844664
14305647
9955984
2201603
8167870
12398881
912409
19357994
10498368
2210914
6981240
15976066
19930504
11235548
8399012
9249639
1142023
8853334
14355502
17042396
6108807
17914846
5598640
2452490
9076207
12265049
7440060
19137874
7532848
4841095
7531789
10860832
7745063
6569530
10992788
13979841
4462330
7783013
2092450
264219
12020894
7192986
15013300
4983932
2392403
14061399
15138023
2052883
16939587
4446064
1104339
15585881
15064206
12236705
12356597
8368550
16885273
9155125
3101795
18473653
959313
17257045
14323373
11422313
9967935
17618198
5855264
7250182
696910
7067061
10455522
19735738
3723206
12147582
19373378
727822
415080
17122857
2965167
3887021
4959977
5761436
8165052
9692077
1618590
1159240
18516293
9478431
6909604
5412460
13327707
2039270
16890034
9119880
17131473
19712741
4420780
4359375
14627102
1432736
5031264
10142180
11826834
6818827
10369525
3474040
5783178
15860822
10450427
2769210
14187494
15097623
16847503
6085999
10219877
7180967
1843863
19152388
10518778
7963516
1995994
9186992
15096439
11040490
5405257
16817328
4497408
4290576
9981297
7621745
17504476
11657728
8159225
17700974
1739957
2354450
16808592
14370256
15951242
270341
14828542
16840862
11721515
15641143
17583928
9800761
17954036
8789470
19904721
18696173
9051765
1832302
18657449
4759899
10950674
16653748
14320680
18483425
2970690
15456483
2388496
285113
3487885
4586294
9561006
14888842
1574262
17652480
15163764
8061158
1683450
10937292
1804493
14069016
17204206
5476173
12545109
13390531
7433562
14637556
7013032
18646705
1928087
9389265
16222674
17020307
5412281
12412041
14490954
14242321
7924066
8209429
10746225
5718755
6731387
7336136
16330751
5580505
898288
5036493
15828852
12959794
269547
19161690
1226085
10201011
14852580
3411039
4510567
16492437
9353986
2956143
673131
10908427
19750815
4641323
2005926
3849327
10598133
3281972
10442339
16571368
13058418
10199972
17176713
12158529
12257305
4328691
4212463
11472494
3679008
19164102
16334840
14548455
2596038
18890693
8052500
10099865
13695712
4147894
5678018
7249969
13396548
2950799
13939522
3307852
2631332
1779744
16025347
14780118
3150001
10761667
5908562
3297718
17193817
2700637
18949420
2007504
9956634
12470673
998298
16403283
5875033
12815795
1792789
11748829
12867271
3119453
13615342
1533014
2423314
9093879
12352156
17894030
6197150
161420
9253841
4720115
1659995
14225040
2768597
505681
9214803
7985457
17986500
2336793
3854687
18705606
15296071
16253602
9424073
3190746
16649366
16550036
9870557
14026925
18013569
6660722
7550216
18440680
17295334
12039214
10696534
8680839
15517332
7172059
19098423
9369825
12486094
7620059
11815184
11427989
15278507
1973942
19198255
4317661
18596386
18062920
5928636
5984249
9022486
2076130
18146051
14803639
10575442
11310155
19520004
10569632
10598864
11835096
9916824
11677124
6802134
12786909
16275855
4609060
15986896
19490795
13062456
15971629
15228001
5891258
11368093
14973871
7707378
12175464
5626953
16021055
6930566
3066190
8760643
18806255
1263001
17521643
3848919
18902107
7814205
17128981
547642
17581380
12984733
2260377
4299730
3868774
8333673
16479784
5083925
617421
19622664
10165667
5659124
8289589
6657629
14817553
17719817
4483672
13962452
9855101
6881764
14062744
12856130
212553
2460884
8411464
13070971
14477960
14607806
9096841
9497515
15897495
6369071
485733
14768554
13371204
6687085
5125029
16485441
1664460
10622205
14601822
2983687
9578409
9986379
11016331
371537
7251406
1708177
3944377
7565051
6505972
8109073
17828538
19135884
10303327
2392410
3278678
1199300
313288
5399209
12306737
4623975
14334453
18484001
14188997
13713898
4203796
2901223
11453322
1046264
16268161
18095418
9524794
2386789
16553359
15605175
6457419
17969169
2382963
7679663
14579899
4946137
17054379
18865122
5444327
13125412
13774816
182811
15705962
1674646
674861
13489588
2958719
5457330
6742948
6715259
9643424
999514
772968
6076813
315590
3780593
14932211
6097160
15230497
16528060
17347066
1290862
13276972
8581632
16045427
19598904
4616439
280411
10698434
17775466
19073220
18045700
15897343
2640851
16258762
18904440
15020309
15960916
1803993
17940533
8055098
4477208
10974893
14366561
6905307
10423570
16928775
17166345
7914256
6440388
164281
17026946
2306200
5810932
12974548
17143387
2379679
17671956
16035766
15991745
10594374
1299862
3932695
15091425
1949698
723673
1748888
19033540
16503607
3236381
4633047
7088284
3030093
17461310
2992239
7663957
11233762
4208783
14024341
7877014
18858845
13006253
6758416
3132889
15853715
17658365
6642278
2469745
11045415
13803663
19918053
18486558
15921678
12052080
18725119
14134636
18315820
10934353
11015251
5594597
19434494
4329149
1908072
16520600
5075434
12289916
15420087
17861704
11107431
19865007
15591537
12440525
15442007
8884764
7454586
1573061
4351459
6545382
19003316
8074933
5242570
18853478
8662328
15098872
11624258
18472362
10188839
19254158
15589646
19573328
8824260
10995338
15704620
10222708
18003095
14279868
2725561
14016985
12711093
19905329
7706212
3278996
372105
5812679
2284640
9939467
8764411
12916362
12512590
2048999
18425237
8911045
6580219
1601077
8952447
9141240
8437936
15760149
17233630
2544238
6844563
6623817
696762
16455638
11139740
7632792
4546143
19453656
6312123
16759434
10276621
14276884
10539578
18121040
18175585
4329950
3477796
1995631
3993982
17664549
7908614
13075298
5372200
12536906
3110628
13714931
16092277
14943259
11660867
15932500
11841751
4465846
2319019
11686753
303590
19414836
8038078
15423890
2320621
2637734
12322233
5264391
7901590
17855146
18885200
15524895
7984146
15617809
10967579
18828666
7335383
9619962
11171646
7243100
4732482
17528852
15745180
11390037
2799397
4737480
4879351
9747541
6957114
5033311
15987847
14150802
16598342
15645393
9452165
13395490
7951267
14621338
440914
9051760
11240888
8082901
1714837
8591446
6287712
2101090
1732816
9052002
179422
14528609
4193212
9893595
2124787
18773482
17624234
15912542
18250282
4341675
10854010
11790318
9562307
17487521
9593149
13158451
19555347
12849794
2946170
19686259
14474042
7062050
19569760
14718550
18719820
15353800
14402098
15681458
19022315
11046771
18915769
18296245
11840473
19561355
1795169
19045526
13943352
1955735
6651749
11362694
16002337
9534127
927229
7969564
3423006
16751054
10260301
12510067
11640450
12117568
9276874
10470722
9936747
9011189
1692556
19111534
11264451
15834682
5654274
19527136
16752466
4246832
404865
5063554
760554
15806165
2744088
6585944
18691504
770838
7955602
19281546
11619143
16342526
16034973
13055553
1495503
9418135
1796120
3362464
12019601
6931159
12755817
16970988
9400589
2411116
11606718
13035776
14003903
7446913
1379318
19575171
5299633
18249990
8969253
18453815
16638533
8343129
13754249
6592808
14152071
14913769
8331965
10725129
9745806
8424700
1816811
10839207
19864206
16320318
14063347
13164875
3581743
14390026
9825598
10108021
3584009
5635863
12434960
15368663
6401867
821676
7507637
7409988
14983767
7910390
14455276
4901506
14198120
12192159
18186084
5957317
10714832
2411915
7385737
7085079
10982749
10274221
18209615
18111431
1973608
17203130
17949733
9226488
10759298
9840037
7371620
4263421
4835063
7399482
7587802
14592094
5045954
6674740
2270802
10695388
15553898
15525263
18734056
821502
4991658
9871776
17582845
19848741
9426355
11087633
3256458
14724756
16714579
2126326
17876207
7437452
18738516
2495305
3194638
12760425
10050627
16318007
5029330
16319557
2908974
15921212
3232993
18156554
12439080
9413217
17469610
15453356
14859653
18309206
6631800
11104379
1350252
12380480
14239227
9786909
15518682
1456668
1355484
15146016
5678378
7661249
992149
8518344
19756839
11093339
13485742
8922810
12714111
7942517
19704330
12247119
12534631
66186
14398858
12966395
16722395
12339268
3579882
6543233
2727925
13334314
19051326
7367322
5725166
9539577
10819858
3433513
1021507
13854750
5793990
16092803
3630931
15892558
9022834
15135391
240263
3758597
4470937
4878906
282810
13333900
3145984
13802982
16384090
15781778
13922190
14322374
9301344
12350521
2735926
831385
282456
11358585
10080133
5502297
4144718
15130169
13699979
8230900
18591397
1878509
11436743
791544
17978860
15576389
11635832
19172816
12268568
13781253
16097370
3025517
8555012
12029289
14788203
2817583
19869523
7418986
8669956
3365891
9945504
10994808
13894197
13589593
1122202
7165229
7025068
10599734
1182060
6849362
17799622
15553489
13882294
4015596
16948258
17239724
139318
9712926
2204184
4939958
17346104
8296506
14662275
10440830
12808929
167057
6186991
12635897
2755113
15887979
12831205
19628725
14665389
15227619
15743104
13621521
10971838
19610944
17884276
2630267
6419347
2872192
12690796
10951249
8012615
251834
10030658
14888167
880261
11116348
12570878
17641330
15293525
6175591
10754801
17250869
5495314
5199410
14771893
4975394
14008538
12688118
11171689
2851212
2769517
1796438
8286766
18144137
15854335
16706500
12538619
6469223
5485892
15042861
15945020
9875714
7881229
3659313
13418861
15544751
16825979
10326071
8042366
15392981
13908612
14211348
11843468
1045024
15309457
10918806
14469697
19702597
1780179
15153982
11233736
9491235
156700
6907356
11512988
16189435
4469133
14242490
12723009
13354731
6130681
10418662
16112966
11454690
2992780
18525310
16147573
5346277
14111094
13476420
10127151
15800858
5936424
15476410
12303598
5623835
19938882
11739930
15694557
5644006
5792983
12678086
15701364
8912955
19579158
3145611
9788609
1994359
3767553
16690433
7890160
12223250
11733394
19431809
11795684
13223799
11772985
15497759
16573954
7707157
12434297
17074653
11099909
19555084
13443362
6321989
10910978
16056164
11625846
1219688
1571907
2679746
6245673
9449139
447149
12469552
18951263
14373312
14280499
14330475
12341290
5808909
2241949
6568675
13916626
6493413
4214064
8039614
6779857
8191044
694317
2721805
19163017
6799070
19655713
17122145
5505678
11469166
11130090
7162640
11960551
6225623
10781185
4535739
8279050
19899019
665173
8289642
4477237
7346130
18092934
14230100
10307272
1209813
10831720
19856047
12303728
18923845
319789
18943218
14468997
5797091
10132376
14937846
15657147
11952676
18816893
14023038
14092172
12776102
238808
4646214
10679430
19178179
1720542
8971054
2846188
16929845
13291196
1408632
6675451
3164574
15403211
1906169
10490395
5764371
18630948
9198692
18980504
2682078
3318798
14092802
18482287
15855835
13681499
18204517
10238569
5157767
12640186
13076374
7168979
15449675
17492733
19460509
15899179
12874945
6272615
1846943
19610381
6560144
1161566
3922360
15065876
8913694
10753689
5552494
3704734
16341610
18377165
7730794
2633083
15978421
8050398
5977204
7450408
11978211
17298403
15597039
493801
19679660
10134784
3883823
4199615
9623118
14830151
9800111
12951260
3081366
12375411
7063107
18632040
2166045
16167651
14540992
16120192
1759625
12672032
16579794
18815318
17862533
5988701
9512772
11655335
9765456
3271944
19894629
16416603
14589276
19704746
18608257
17383368
8809187
1420682
13683174
5816114
4171030
17265706
39941
734560
17883156
1902234
3800488
6109142
14479679
19258405
10744329
6977817
17485435
4583876
18566035
17212980
5028997
777252
17240567
6542719
5895085
10762455
6791221
15350042
18517632
4886309
6540836
490981
6324925
4200636
7584976
1828932
10769003
18570524
17685751
57882
365567
19516123
6560171
2827
16150985
12200843
10697246
17189394
18070781
16077217
636636
4766426
5095495
3740627
13747516
5740050
7883064
17486232
19807291
1156666
19085960
14634165
18750166
4755152
9381881
13214650
17545529
9457566
7138383
15466266
19499020
14751083
12022220
9622898
1384832
12308817
15665701
12917112
17271882
8826835
18231293
542348
4977181
14955029
14952258
6188244
15811023
7460868
11597174
14363847
7678662
12283473
11010004
14233113
18088438
15189751
13366285
6985952
17965555
14303667
9207826
10993752
8274823
6896214
6610404
14534164
16643484
13310956
16216532
14526811
5685316
7686399
18303532
14852503
15597131
2587203
4515710
4069724
14700301
1940053
2921675
6838684
15892693
9029576
9591266
15150543
5732010
255862
5049506
10176736
17663006
2265656
14317496
9012476
18546656
13513797
15988066
1417358
10707590
18086028
14886198
82132
12968098
17069020
11871150
11979783
15842320
6957813
312427
12445171
15102594
12249725
10064040
12352662
17828469
2101618
14637500
4702441
10595086
12188107
1587511
4265880
6239728
5047888
9554762
17711409
11481944
15830217
12243578
12091093
15727316
10974073
14474942
1299875
9153808
17702144
4931402
17998785
7241654
19216600
8195855
10676566
12307234
6393984
10068307
914730
3016131
6749798
125347
18269419
7599540
10673964
16708859
18256415
19453276
15107846
7155615
6019041
16096099
5415407
6651547
3070057
2040981
8488947
251715
8554580
19832832
7760133
16365643
15662665
5893068
3871050
15059668
18564244
5064331
460334
8504242
6234993
10181372
18400103
1451926
6097926
1349296
2439555
2959994
17947323
4609397
4510425
15597415
6248539
3633865
17464499
14862685
5910292
359742
3386912
12732337
11544031
14640466
13690335
19575664
12383710
14483982
16043606
12285445
18079821
18275556
7630248
18656687
14654025
13386153
17557847
12610119
13755634
12776012
12430881
6569950
2498355
5575290
18187665
2679073
6477292
7369715
14684947
532570
1793913
19049724
16331067
13627362
14861559
1189668
14597201
5726984
5256376
6391821
3311460
18104643
12279913
18991171
18601852
1280580
16309695
14743178
2856036
7769300
2073570
3501203
4089167
9064431
13037094
7289118
9368935
16940019
11047245
17107632
10174784
12229980
15691109
14186734
8254027
1643659
895688
14869400
2188756
11273615
11458123
17768795
6452476
1144524
10698938
2320134
11138050
9420260
9694769
15825131
5146318
6443757
3137710
17557247
16557091
15091274
6409592
6893231
14595859
6949743
1832680
18562021
13504877
16349556
1087851
7380324
10575516
16583343
18419721
8959484
9385494
12029297
2932847
11336584
11420500
12350545
17124216
14404101
7708160
8397914
15270855
363247
8066593
16725727
5273197
7705125
4246830
181049
14821692
3923806
16319966
9423601
12933091
7581589
609800
7439417
7586439
17467477
8749667
6421918
11287223
2417597
3486025
3649728
4459317
13576753
8520570
18918850
12001242
4241583
15287291
11698401
2133308
16502291
4663883
19535391
9529817
9052713
6173199
4377406
4512439
3866582
15360031
3952611
4046845
8086373
12660168
15045173
9031576
8313459
8600094
12401665
18882337
4839306
1510885
18057835
10921318
898499
4197792
3470511
10195859
3630537
13158688
2848983
16925373
3293144
669401
7235791
8668574
18464830
12971782
5438000
19615245
6187387
6409047
484864
3091582
3103392
4764094
19332658
18110492
17016899
15212601
13540302
5666370
9798945
5567329
6625793
7671404
15560333
19626513
7649197
8437980
5780717
5167878
18739779
16322822
13849476
5116241
2921522
7220668
13063718
6574863
18035156
7975381
6133287
11896813
10117554
10932750
17343474
17743239
14234442
341810
11566240
3328023
7020203
4281085
6728017
5833517
536080
17507812
15171291
8500491
12820080
12278153
16042804
15109118
4514393
4133501
9846709
481877
834004
15080427
4377629
2778404
16403039
399036
2509708
13906113
387828
10178024
14746485
19874957
11352478
9207900
11459583
13463691
10251800
3048111
1867812
6019295
4538950
16921533
17340866
14610914
9536723
16274544
4258974
7858160
18393960
18839172
8810688
6653594
14789799
9813628
17339270
2853851
4035564
1119708
17489033
413838
656815
820891
5029831
4903235
6024995
1954165
3100870
13578053
13462134
12906817
3411973
19144671
18818721
15636454
6800999
13331533
14661780
3008226
18347671
5888723
9084779
19812373
7910520
657838
458719
2047258
7804234
8288133
2990284
15552066
1641170
15010168
13812086
6256312
16580143
1612466
8401917
348414
18940251
3857848
15273429
12929228
1231648
4802840
13517440
6272932
4481106
16316141
11741055
11635593
8996926
8451155
9703621
7247584
10250343
4861568
7674625
11439873
16301609
6441159
17533941
3878433
19146435
1800917
18287491
14891629
16263740
15382001
2009384
14638890
13458976
822772
18918043
10801497
9825630
9709037
18735887
19924311
3799773
5400421
3728453
11563140
8311353
5028473
9451177
2010605
11087501
9838180
2498057
7658585
2797064
15011455
11150087
13586960
1556506
701621
19852366
14281402
11545165
873862
12217964
17252550
12598418
15138584
2768094
2228242
14613062
7919399
19059597
11527911
13623688
8050074
17791638
10004583
9009647
18795976
18937364
930378
5721513
5702486
10618212
4278117
3550049
5664826
6458196
6425199
12685207
11123602
19515277
16984223
9512749
18732961
5448582
10003349
14767643
6724949
10108116
4416939
19173060
4582841
479666
287094
14192075
10487782
8131511
3406126
18477692
2233907
13135329
9280036
18774149
17522903
6982688
13964399
2728607
12700028
2911567
9554368
9898719
3083129
6175086
6861273
19197696
1695219
6601308
8230359
8716395
6610664
10404514
18287025
1656952
12453954
6438984
5825746
6901713
14877658
16581635
609185
10302644
4259535
18401932
4671308
12923215
4032046
7969698
18813035
5318437
15034259
3386484
14850303
7154867
19387956
6036826
3383415
4884139
4690532
16196517
3642231
14575112
16690696
7128253
11632964
18153581
6989345
16210713
7374750
15953937
3997448
12351193
5127729
9054045
19030096
15585583
12893696
18769168
12006652
12412884
18953016
15895416
18992340
6675900
17191374
12223438
14208111
15584082
13915921
7452870
6575098
7737943
13899200
5945806
6303285
14102030
16329212
5022742
2839766
10555726
17239995
13418290
15377921
15574448
39440
10832351
4537039
12193757
4727734
8079706
3237905
11845279
3048580
12244094
17072638
7607498
14279888
14154438
14659813
3377320
15794291
10633116
18496984
4745134
11504860
9406668
17681057
16547311
16742098
15337643
10735047
2586526
2369767
8849348
2437707
7158443
12747695
12075830
1177217
7771867
19453360
459687
309150
15076338
15124005
12315865
8356399
16710715
2415825
15451575
8920032
19644000
935588
7914799
16077770
17684012
18539201
72217
1685882
1944952
14898112
10101339
12420675
1745490
890249
19572231
15860818
908346
9874222
2798974
19929830
2629778
17003186
8872746
346954
3701604
11039928
13276004
7838581
2824567
19025283
1960601
9827406
11183613
16280107
8939228
3837630
3425886
269183
5024415
1068631
4912968
2554185
3564914
1912642
8714875
10847473
5680802
237308
19747107
1373696
10844003
16597102
7281666
8050746
6648036
19115117
12631815
10440668
1991103
8712361
8171420
3517298
16069481
14017385
17918862
6055828
10922186
2494507
7485078
10086334
18122506
7080740
13881774
15080991
1030147
7162742
655282
17448102
17851301
2145102
9789866
11434744
545674
868519
11474897
15521216
7182389
4579549
3474227
1842186
3036218
9243629
15825369
6777460
10322933
4364137
13804690
10965882
15556084
10836838
10305999
9551261
16838370
7319928
19089837
17502654
3773992
5297353
14652101
5363192
9757656
695847
2069835
13681164
16638467
6394450
6892002
1997794
8910979
8453082
5212732
5504147
16989252
9436528
5828646
5633238
10955071
12900259
4301325
10007910
7813919
5972289
5895269
18429781
4261636
1360545
6142457
16262247
13245520
15639939
10326504
8891662
10051788
664038
14239322
9060473
14886191
9408416
3713924
940749
18459736
19239880
19759628
966416
17353185
9133334
14158404
17633355
15527799
14839394
12830930
7755319
3412830
12258348
19251202
19815583
5784011
5169805
11043167
274525
8612001
6086211
8374642
19907390
7112858
1766697
2276767
6048226
5459218
15412921
9338144
14124243
2750713
850248
5230718
4238207
10167444
19803461
14662674
15394512
8436891
3915880
6227340
16647017
797159
11257402
18897265
1272139
18530059
18232298
7906767
5597544
13541515
8913562
12973121
3115974
8363370
15642772
1085546
553421
8158192
720954
8876661
14564086
15094303
2682816
2281500
2547007
14364786
18681423
4089693
14505349
5682424
14292897
5445368
7720570
3091529
134764
659015
12802482
1521177
10035758
14123896
16010785
17297017
14616112
13334736
15563658
762606
18627068
18033417
1925685
5582252
4695915
17446656
11206399
9477829
19332300
12694430
16151130
556728
18178974
1094943
2362535
18521480
824928
3334035
13361411
11164766
5588077
11353048
14448763
13011761
1426815
13052949
17058105
8519307
6842618
478662
18344764
3017264
17273222
8467876
13200194
16966066
13463484
7810131
19703776
1150703
1199892
15706659
10064377
1941628
16552035
7382864
11105755
361550
16141079
15766806
1963549
11505270
856994
