1000 1000
272
-511
826
70
218
-208
-685
196
-125
835
184
49
154
-898
719
-241
414
836
725
542
595
983
-643
-117
-703
853
0
329
-958
128
511
938
838
-691
935
-705
605
341
119
-306
-859
-19
566
500
-197
-433
-793
-145
-655
711
209
119
287
505
-314
-882
959
772
338
-631
-763
-205
341
-205
-433
74
-68
331
-884
-274
-742
721
-7
-910
461
-540
-855
-924
1000
-547
-547
954
365
728
894
-517
455
-680
-286
-931
472
637
140
-422
-556
281
-442
-499
391
-685
549
-415
-666
411
-842
-970
-559
771
905
-290
675
-401
49
-655
122
-969
713
144
-841
35
-279
-644
-791
-130
-355
-403
975
-619
-290
-437
221
50
849
380
317
687
91
77
875
752
-105
-670
883
607
932
-191
-469
-844
833
-763
450
179
-514
842
788
719
182
-346
557
265
-417
-539
-823
-632
-304
-604
875
247
-545
47
938
345
353
-310
-517
-583
941
453
174
-634
-164
840
-513
-88
500
-517
-162
-54
471
178
-172
134
472
376
-281
-904
-289
-779
304
256
428
-174
-330
-70
-194
337
412
58
840
-925
973
-976
-586
550
637
657
269
-472
367
246
-259
36
169
-893
-739
845
-724
-164
740
-793
-235
914
-299
326
-461
475
770
803
488
-670
-427
658
-959
316
-265
-203
624
-511
125
959
-134
773
-675
-421
832
-425
-679
322
-1000
213
10
-536
-182
-53
172
-244
-569
-44
655
-26
-382
-974
944
917
-1000
-806
692
875
-111
442
-736
-445
-246
787
-849
-511
31
-729
632
416
-170
-832
973
658
328
953
890
935
-766
-82
-380
997
502
556
-868
545
401
-498
329
194
697
323
-547
837
127
657
-469
357
392
259
581
402
569
-950
-295
-566
886
-725
558
275
-175
607
118
553
431
513
715
215
-673
463
-954
-218
-999
817
-973
665
172
-735
176
-964
328
368
-694
233
-298
-471
239
263
-863
248
-200
-867
932
-673
710
180
-875
200
392
-856
866
769
-379
-931
806
311
-509
-907
881
206
34
629
83
-594
312
711
-159
-356
155
683
895
-661
23
251
-268
353
734
-296
683
260
-466
-186
500
-526
994
788
533
65
-724
434
862
-223
-519
943
-457
-369
226
-277
-605
-610
-442
-256
-755
-156
949
403
442
541
-270
507
-912
-269
-684
-90
156
-528
-826
557
-215
-450
-679
-357
518
-862
134
248
968
-268
267
-218
-301
5
969
968
465
612
-983
44
794
-277
-570
104
128
839
988
-953
184
-884
413
-472
-367
-508
389
-792
567
302
-726
122
140
-839
212
-511
-845
297
493
-633
971
-823
556
-654
-748
691
472
671
687
-274
698
-865
-107
-178
-952
352
584
882
551
-264
-547
158
-535
-595
-890
-822
-86
942
-310
-802
-906
338
150
671
720
841
-917
148
818
-122
-895
437
-256
-708
335
-637
-816
697
-367
-565
69
-184
-624
344
374
-841
171
887
755
155
-77
803
-49
6
-858
266
960
-34
410
992
-991
752
854
674
366
-166
-903
870
386
863
-822
155
-334
-310
-267
-961
-791
466
-340
637
852
-25
120
11
-555
-797
415
-397
-316
-26
478
860
-164
344
-15
871
-228
-631
475
-262
193
-385
677
787
815
989
515
-427
-436
208
-449
767
317
596
-205
411
-639
-706
-737
-553
-382
162
424
747
-409
467
-427
-288
775
-851
-575
-564
750
6
-874
-286
316
-530
413
298
477
-622
-101
194
684
-827
-847
348
-628
-596
-571
-352
-227
557
-625
-337
329
-821
-254
703
-789
-451
-275
900
-562
874
949
15
449
-676
721
805
907
-347
872
750
745
93
-875
-349
420
745
909
533
828
863
-316
461
-361
580
-874
788
-175
-209
-82
40
740
-388
479
561
-189
-838
140
313
-495
-306
707
603
-607
324
-217
288
-209
176
-924
-142
-586
980
-340
251
968
-137
-529
-484
-817
978
-730
-655
716
812
-656
-565
14
-802
-149
-595
-532
-376
872
-716
889
893
170
-301
-375
-946
-615
591
821
991
278
-691
599
-211
-780
88
902
-830
-732
486
728
-695
225
345
167
-76
-98
14
478
-19
-751
-886
654
88
46
89
246
891
-616
-148
-172
-307
932
34
341
-697
794
-862
-250
73
477
585
-618
281
662
875
-751
-850
-337
-457
476
413
-262
-61
-637
914
-448
-622
915
611
-363
-724
-76
893
554
402
-397
889
-883
-358
42
-286
140
13
599
864
172
884
-436
989
14
-968
771
-124
142
563
-439
-34
222
985
-845
763
317
134
321
641
-587
-658
-197
354
206
196
-891
-487
221
-46
968
613
-424
-520
611
94
-859
659
91
-542
-541
-319
-315
-775
778
451
-802
12
926
-674
498
605
-23
-659
-770
729
-951
-797
526
716
896
790
-874
-436
-223
-610
-753
342
-946
326
854
-424
-167
-548
-847
-667
-579
-502
200
667
920
293
-138
-396
116
-886
-101
-229
-489
112
325
93
-304
-910
221
725
285
321
683
358
-942
263
-136
-157
-40
-234
-231
459
380
-568
710
-58
349
-637
218
888
392
355
88
827
-952
-38
-945
-672
894
-58
-93
-964
135
-740
-34
58
-220
39
593
901
-655
865
854
-874
840
-246
42
692
-1000
692
272
500
-889
-106
188
-393
760
-572
518
-890
53
692
-908
333
-549
-333
-406
407
471
923
-448
-592
-866
734
-41
-534
153
62
720
801
-472
-208

1 429 469
1 977 722
1 681 473
2 544 980
1 901 370
2 681 696
1 257 901
1 165 521
1 237 131
2 871 490
2 841 995
1 51 713
1 81 481
1 161 521
1 845 691
2 533 928
2 417 925
1 615 298
2 3 -502
1 539 985
1 686 669
1 90 895
1 291 301
1 464 622
1 682 296
1 321 261
2 709 463
1 881 164
1 277 384
2 654 901
1 986 631
1 677 624
1 641 226
2 395 189
1 681 919
1 363 747
2 52 392
2 821 -506
1 361 610
1 391 620
2 163 -711
1 701 801
1 781 119
2 383 -13
1 516 700
2 342 -812
1 607 657
1 959 609
2 729 281
1 391 145
2 541 395
1 963 508
2 561 287
1 521 394
2 373 -208
1 25 251
1 21 148
2 627 -229
2 893 578
2 31 448
1 824 779
2 515 -936
1 193 845
2 751 -303
2 876 -298
1 501 713
1 523 121
1 361 731
1 281 627
1 852 65
1 137 508
1 636 761
1 297 846
2 587 -920
2 294 785
1 803 449
1 257 305
1 296 226
1 428 805
1 921 855
1 150 749
1 769 71
1 765 267
2 937 -265
1 121 485
1 142 803
1 937 106
1 433 905
1 161 76
1 896 13
1 860 922
2 261 -610
1 26 849
1 153 247
1 662 647
1 853 681
1 876 49
2 435 -942
2 781 844
1 941 925
1 833 931
1 668 855
1 690 431
1 51 201
2 97 970
1 992 764
1 692 176
1 633 601
1 501 737
2 452 -838
1 622 913
1 271 691
2 421 -427
1 201 881
1 68 861
1 241 700
2 678 -901
1 842 81
1 256 521
1 987 670
1 525 701
1 92 989
1 703 389
1 905 625
1 751 593
1 701 933
2 685 296
2 130 919
2 289 -75
1 781 169
1 413 825
1 607 168
2 625 -872
1 751 494
1 626 607
1 425 282
1 459 380
1 394 489
1 797 225
1 702 838
1 407 462
1 581 906
1 191 39
1 881 900
1 351 231
1 863 940
1 641 941
2 883 979
1 309 733
2 995 341
1 529 314
1 77 223
1 420 135
1 975 371
1 330 719
1 826 516
1 97 921
1 187 81
1 583 809
1 677 417
1 602 985
1 960 807
1 513 249
1 918 334
1 101 468
2 971 156
2 660 -507
1 427 741
1 73 791
2 17 -367
2 249 -379
1 996 601
1 1000 747
1 773 211
2 910 -430
1 985 445
1 451 721
1 1 801
2 598 67
1 751 681
1 141 201
1 686 669
1 90 895
1 291 301
1 464 622
1 682 296
1 321 261
2 709 463
1 881 164
1 277 384
2 654 901
1 986 631
1 677 624
1 641 226
2 395 189
1 681 919
1 363 747
2 52 392
2 821 -506
1 361 610
1 391 620
2 163 -711
1 701 801
1 781 119
2 383 -13
1 516 700
2 342 -812
1 607 657
1 959 609
2 729 281
1 391 145
2 541 395
1 963 508
2 561 287
1 521 394
2 373 -208
1 25 251
1 21 148
2 627 -229
2 893 578
2 31 448
1 824 779
2 515 -936
1 193 845
2 751 -303
2 876 -298
1 501 713
1 523 121
1 361 731
1 281 627
1 852 65
1 137 508
1 636 761
1 297 846
2 587 -920
2 294 785
1 803 449
1 257 305
1 296 226
1 428 805
1 921 855
1 150 749
1 769 71
1 765 267
2 937 -265
1 121 485
1 142 803
1 937 106
1 433 905
1 161 76
1 896 13
1 860 922
2 261 -610
1 26 849
1 153 247
1 662 647
1 853 681
1 876 49
2 435 -942
2 781 844
1 941 925
1 833 931
1 668 855
1 690 431
1 51 201
2 97 970
1 992 764
1 692 176
1 633 601
1 501 737
2 452 -838
1 622 913
1 271 691
2 421 -427
1 201 881
1 68 861
1 241 700
2 678 -901
1 842 81
1 256 521
1 987 670
1 525 701
1 92 989
1 703 389
1 905 625
1 751 593
1 701 933
2 685 296
2 130 919
2 289 -75
1 781 169
1 413 825
1 607 168
2 625 -872
1 751 494
1 626 607
1 425 282
1 459 380
1 394 489
1 797 225
1 702 838
1 407 462
1 581 906
1 191 39
1 881 900
1 351 231
1 863 940
1 641 941
2 883 979
1 309 733
2 995 341
1 529 314
1 77 223
1 420 135
1 975 371
1 330 719
1 826 516
1 97 921
1 187 81
1 583 809
1 677 417
1 602 985
1 960 807
1 513 249
1 918 334
1 101 468
2 971 156
2 660 -507
1 427 741
1 73 791
2 17 -367
2 249 -379
1 996 601
1 1000 747
1 773 211
2 910 -430
1 985 445
1 451 721
1 1 801
2 598 67
1 751 681
1 141 201
1 686 669
1 90 895
1 291 301
1 464 622
1 682 296
1 321 261
2 709 463
1 881 164
1 277 384
2 654 901
1 986 631
1 677 624
1 641 226
2 395 189
1 681 919
1 363 747
2 52 392
2 821 -506
1 361 610
1 391 620
2 163 -711
1 701 801
1 781 119
2 383 -13
1 516 700
2 342 -812
1 607 657
1 959 609
2 729 281
1 391 145
2 541 395
1 963 508
2 561 287
1 521 394
2 373 -208
1 25 251
1 21 148
2 627 -229
2 893 578
2 31 448
1 824 779
2 515 -936
1 193 845
2 751 -303
2 876 -298
1 501 713
1 523 121
1 361 731
1 281 627
1 852 65
1 137 508
1 636 761
1 297 846
2 587 -920
2 294 785
1 803 449
1 257 305
1 296 226
1 428 805
1 921 855
1 150 749
1 769 71
1 765 267
2 937 -265
1 121 485
1 142 803
1 937 106
1 433 905
1 161 76
1 896 13
1 860 922
2 261 -610
1 26 849
1 153 247
1 662 647
1 853 681
1 876 49
2 435 -942
2 781 844
1 941 925
1 833 931
1 668 855
1 690 431
1 51 201
2 97 970
1 992 764
1 692 176
1 633 601
1 501 737
2 452 -838
1 622 913
1 271 691
2 421 -427
1 201 881
1 68 861
1 241 700
2 678 -901
1 842 81
1 256 521
1 987 670
1 525 701
1 92 989
1 703 389
1 905 625
1 751 593
1 701 933
2 685 296
2 130 919
2 289 -75
1 781 169
1 413 825
1 607 168
2 625 -872
1 751 494
1 626 607
1 425 282
1 459 380
1 394 489
1 797 225
1 702 838
1 407 462
1 581 906
1 191 39
1 881 900
1 351 231
1 863 940
1 641 941
2 883 979
1 309 733
2 995 341
1 529 314
1 77 223
1 420 135
1 975 371
1 330 719
1 826 516
1 97 921
1 187 81
1 583 809
1 677 417
1 602 985
1 960 807
1 513 249
1 918 334
1 101 468
2 971 156
2 660 -507
1 427 741
1 73 791
2 17 -367
2 249 -379
1 996 601
1 1000 747
1 773 211
2 910 -430
1 985 445
1 451 721
1 1 801
2 598 67
1 751 681
1 141 201
1 686 669
1 90 895
1 291 301
1 464 622
1 682 296
1 321 261
2 709 463
1 881 164
1 277 384
2 654 901
1 986 631
1 677 624
1 641 226
2 395 189
1 681 919
1 363 747
2 52 392
2 821 -506
1 361 610
1 391 620
2 163 -711
1 701 801
1 781 119
2 383 -13
1 516 700
2 342 -812
1 607 657
1 959 609
2 729 281
1 391 145
2 541 395
1 963 508
2 561 287
1 521 394
2 373 -208
1 25 251
1 21 148
2 627 -229
2 893 578
2 31 448
1 824 779
2 515 -936
1 193 845
2 751 -303
2 876 -298
1 501 713
1 523 121
1 361 731
1 281 627
1 852 65
1 137 508
1 636 761
1 297 846
2 587 -920
2 294 785
1 803 449
1 257 305
1 296 226
1 428 805
1 921 855
1 150 749
1 769 71
1 765 267
2 937 -265
1 121 485
1 142 803
1 937 106
1 433 905
1 161 76
1 896 13
1 860 922
2 261 -610
1 26 849
1 153 247
1 662 647
1 853 681
1 876 49
2 435 -942
2 781 844
1 941 925
1 833 931
1 668 855
1 690 431
1 51 201
2 97 970
1 992 764
1 692 176
1 633 601
1 501 737
2 452 -838
1 622 913
1 271 691
2 421 -427
1 201 881
1 68 861
1 241 700
2 678 -901
1 842 81
1 256 521
1 987 670
1 525 701
1 92 989
1 703 389
1 905 625
1 751 593
1 701 933
2 685 296
2 130 919
2 289 -75
1 781 169
1 413 825
1 607 168
2 625 -872
1 751 494
1 626 607
1 425 282
1 459 380
1 394 489
1 797 225
1 702 838
1 407 462
1 581 906
1 191 39
1 881 900
1 351 231
1 863 940
1 641 941
2 883 979
1 309 733
2 995 341
1 529 314
1 77 223
1 420 135
1 975 371
1 330 719
1 826 516
1 97 921
1 187 81
1 583 809
1 677 417
1 602 985
1 960 807
1 513 249
1 918 334
1 101 468
2 971 156
2 660 -507
1 427 741
1 73 791
2 17 -367
2 249 -379
1 996 601
1 1000 747
1 773 211
2 910 -430
1 985 445
1 451 721
1 1 801
2 598 67
1 751 681
1 141 201
1 686 669
1 90 895
1 291 301
1 464 622
1 682 296
1 321 261
2 709 463
1 881 164
1 277 384
2 654 901
1 986 631
1 677 624
1 641 226
2 395 189
1 681 919
1 363 747
2 52 392
2 821 -506
1 361 610
1 391 620
2 163 -711
1 701 801
1 781 119
2 383 -13
1 516 700
2 342 -812
1 607 657
1 959 609
2 729 281
1 391 145
2 541 395
1 963 508
2 561 287
1 521 394
2 373 -208
1 25 251
1 21 148
2 627 -229
2 893 578
2 31 448
1 824 779
2 515 -936
1 193 845
2 751 -303
2 876 -298
1 501 713
1 523 121
1 361 731
1 281 627
1 852 65
1 137 508
1 636 761
1 297 846
2 587 -920
2 294 785
1 803 449
1 257 305
1 296 226
1 428 805
1 921 855
1 150 749
1 769 71
1 765 267
2 937 -265
1 121 485
1 142 803
1 937 106
1 433 905
1 161 76
1 896 13
1 860 922
2 261 -610
1 26 849
1 153 247
1 662 647
1 853 681
1 876 49
2 435 -942
2 781 844
1 941 925
1 833 931
1 668 855
1 690 431
1 51 201
2 97 970
1 992 764
1 692 176
1 633 601
1 501 737
2 452 -838
1 622 913
1 271 691
2 421 -427
1 201 881
1 68 861
1 241 700
2 678 -901
1 842 81
1 256 521
1 987 670
1 525 701
1 92 989
1 703 389
1 905 625
1 751 593
1 701 933
2 685 296
2 130 919
2 289 -75
1 781 169
1 413 825
1 607 168
2 625 -872
1 751 494
1 626 607
1 425 282
1 459 380
1 394 489
1 797 225
1 702 838
1 407 462
1 581 906
1 191 39
1 881 900
1 351 231
1 863 940
1 641 941
2 883 979
1 309 733
2 995 341
1 529 314
1 77 223
1 420 135
1 975 371
1 330 719
1 826 516
1 97 921
1 187 81
1 583 809
1 677 417
1 602 985
1 960 807
1 513 249
1 918 334
1 101 468
2 971 156
2 660 -507
1 427 741
1 73 791
2 17 -367
2 249 -379
1 996 601
1 1000 747
1 773 211
2 910 -430
1 985 445
1 451 721
1 1 801
2 598 67
1 751 681
1 141 201
1 686 669
1 90 895
1 291 301
1 464 622
1 682 296
1 321 261
2 709 463
1 881 164
1 277 384
2 654 901
1 986 631
1 677 624
1 641 226
2 395 189
1 681 919
1 363 747
2 52 392
2 821 -506
1 361 610
1 391 620
2 163 -711
1 701 801
1 781 119
2 383 -13
1 516 700
2 342 -812
1 607 657
1 959 609
2 729 281
1 391 145
2 541 395
1 963 508
2 561 287
1 521 394
2 373 -208
1 25 251
1 21 148
2 627 -229
2 893 578
2 31 448
1 824 779
2 515 -936
1 193 845
2 751 -303
2 876 -298
1 501 713
1 523 121
1 361 731
1 281 627
1 852 65
1 137 508
1 636 761
1 297 846
2 587 -920
2 294 785
1 803 449
1 257 305
1 296 226
1 428 805
1 921 855
1 150 749
1 769 71
1 765 267
2 937 -265
1 121 485
1 142 803
1 937 106
1 433 905
1 161 76
1 896 13
1 860 922
2 261 -610
1 26 849
1 153 247
1 662 647
1 853 681
1 876 49
2 435 -942
2 781 844
1 941 925
1 833 931
1 668 855
1 690 431
1 51 201
2 97 970
1 992 764
1 692 176
1 633 601
1 501 737
2 452 -838
1 622 913
1 271 691
2 421 -427
1 201 881
1 68 861
1 241 700
2 678 -901
1 842 81
1 256 521
1 987 670
1 525 701
1 92 989
1 703 389
1 905 625
1 751 593
1 701 933
2 685 296
2 130 919
2 289 -75
1 781 169
1 413 825
1 607 168
2 625 -872
1 751 494
1 626 607
1 425 282
1 459 380
1 394 489
1 797 225
1 702 838
1 407 462
1 581 906
1 191 39
1 881 900
1 351 231
1 863 940
1 641 941
2 883 979
1 309 733
2 995 341
1 529 314
1 77 223
1 420 135
1 975 371
1 330 719
1 826 516
1 97 921
1 187 81
1 583 809
1 677 417
1 602 985
1 960 807
1 513 249
1 918 334
1 101 468
2 971 156
2 660 -507
1 427 741
1 73 791
2 17 -367
2 249 -379
1 996 601
1 1000 747
1 773 211
2 910 -430
1 985 445
1 451 721
1 1 801
2 598 67
1 751 681
1 141 201
1 686 669
1 90 895
1 291 301
1 464 622
1 682 296
1 321 261
2 709 463
1 881 164
1 277 384
2 654 901
1 986 631
1 677 624
1 641 226
2 395 189
