49896755534
50198509499
49997885530
50198509499
49997287505
49796696518
49696456042
49796144012
49646294162
49444478785
49646294162
50047914217
49797226967
49646294162
49746417183
49831979115
50285189909
49580343062
49983239755
49832316007
49832316007
50084075969
49833172459
49983067209
49529856209
50285190115
50285190203
49580343062
49983067209
49832211447
50184741597
50235040154
50084219250
49882510180
50184633086
49883213615
49932660053
49529856209
49983067209
50427928806
50074859901
50377537971
49929733292
50131897157
49980032733
50585661685
49879543024
50240929927
50038929124
50357344866
50256605365
50154570704
50003257479
49850752885
50307030011
50104100771
50660556801
50458342824
50219771620
50625178618
50068261080
50473449615
50118407937
50726417466
50219876366
50675669058
50523939643
50169236563
50068261080
50422844945
50473191235
50574688178
50017015271
49915558568
50270261775
50422422554
50726417466
50372185577
50490255411
50084295416
50388295775
50591541149
50439827404
49982344565
50642099347
50135485814
50491632249
50338722540
50773787335
50722838451
50315941828
50621310073
50265362103
50570599984
50213915846
50417470740
50468036934
50315788715
50824477199
50418176928
50621200237
50519108954
50787481057
50736628613
50939850717
50532733852
50582636944
50605101734
50910991067
50299388594
50605101734
51063728420
50707476838
50299767117
50299767117
50809178316
50503290008
50859955417
50809178316
50910990678
50809178316
50350921841
50401587894
50299388594
50809288953
50655985010
50779190426
50319769871
50575483167
50931620154
50880823350
50217698147
50778710045
50523929172
50674433000
50522171985
50697862112
50851532806
51106311470
50647419637
50647439637
50595819715
50748907679
50698459469
50544949675
50800458221
50779515664
50983841534
50778953229
50676790998
51034942180
51188056773
50778909618
50318514142
50778953229
50676790998
50778953229
50778953229
50369806074
50574947835
50369806074
50420907854
50957959376
50855189961
51162592545
51264909237
50599144398
50752873836
50958103766
51060386600
50958049309
51060275501
50855189961
51162592545
51009247873
50650667324
50547963754
50958069908
50445774099
50855752864
51060276420
50445428010
50765682681
51226369412
50867806231
51072986429
50817481867
50560545999
50868025283
51175328679
50457984697
50714082024
50765507145
50918996390
51175328112
50715284574
50970643827
50816505281
50867848828
50882465173
50728994671
50421086215
51087660835
50678042693
50934207968
50985399634
50933697673
51343609631
50728654014
50985434067
50882465173
50523689007
50934207968
50933627405
50728654014
50933627405
50832083422
50985013383
50934455559
51149010762
50995138917
50943198197
51148638821
50891821169
51097612407
50789437352
50481268055
50738320851
51097373207
51353627581
51148638821
50994421681
50995138917
51002442662
51361311253
51105054571
51310135068
50799648309
51004539642
51403647951
51088733128
51037365853
51191770698
51140581887
51347071755
51191728536
50779293797
51088733128
51346697437
51243316437
50896801153
51670830273
51154910665
51051715601
51516006472
51619135364
51258040130
51361443862
51257861530
51361588586
51309983699
51464684344
51309859132
51361554614
51051715601
51413362983
51464571916
51652014061
51290327491
51031875955
51031498073
51652997379
50981156687
51084749221
51343208927
51497792181
51136001991
51032847443
51446397503
51187440142
50928948993
51446509614
51084749221
51549698190
51446123274
51549698190
51291303912
51476977386
51476977386
51269271927
51269657204
51373017556
51683554947
51683554947
51321206203
51580193035
51476977386
51739038180
51326047712
51324985104
51376923340
51024939919
51439415500
51232301997
51595333779
51336099430
51388455799
51750093283
51820603832
51717072064
51717072064
51613537730
51199441577
51665436519
51355095323
51561629409
51250964043
51614025763
51457916807
51768968287
51199441577
51561903123
51562048087
51303288305
51199209384
51457916807
51665434891
51510241069
51250809799
51354343195
51717332742
51768968287
51250964043
51510493057
51665436519
51303019533
51509662290
51510379978
51043291715
51562015523
51406959661
51561629409
51717332742
51444897574
51858848636
51755240116
51598587649
51494881798
51287016422
51234906767
51599305265
51598739677
51494881798
51910643213
51858865867
51978127421
51728301945
51937025228
51676574471
51468464057
51937025228
51311494151
51520258260
51520258260
51624182667
51765491000
51713795525
51766325348
52287513367
52131106100
51557585086
52071948775
51915781345
52280647573
51862975245
51914946438
51967598079
51654052775
51914946438
52332840571
51811408967
51810447317
51862975245
51759157206
51811179648
52019754772
52071947635
52071946908
51811408967
51967743884
51759157206
52211659204
51479764550
51845600708
51636634439
51741289094
51897901176
51479764550
52211658064
51584784619
52263737334
52211659204
51793522578
51584407316
51689213881
51903990669
51695057923
51852404775
52321994029
51642472505
51903810093
52060894252
52061271076
51956585211
51485584886
52008842018
51852404775
51799336035
51956005317
52113127728
51538360004
51903768822
51851462486
51485584886
51747141957
52374228385
51885132340
51885843912
51990165028
51676023891
52251836710
51675646776
51570818430
52408614805
52028887861
51662015933
52134138086
51609998172
52238824555
51767534860
52028887861
51924915752
51924742819
51819631211
52068100605
52121114249
51963156420
52330413270
51910863879
51871393710
52238768054
52343516570
52133272509
52500729656
52238768054
52028558065
51713195962
52553309200
52395833778
51923809549
51976020441
52500880398
51975910088
52553309200
51660533606
52133036099
52343518718
52238768054
52272719855
52062789010
51907727238
52433952063
52065359114
52118112506
52328760711
52013034282
52013034282
52013404487
52486507930
52381046024
52328907005
52223796524
52643992199
52328489681
52223796524
51802427378
51960898050
51960898050
52538914884
52591472593
52538916250
52381523039
51960898050
52381431981
52212161139
52422356190
52088903064
52300352986
52299366163
52615553782
52036072548
52299588906
52563068554
52194135086
52387112165
52386856069
52807967791
52439514588
52621208891
52146462257
52304239749
52621095677
52198941198
52042574829
52254314619
52558213884
52293573902
53034574592
52452073253
52187604442
52347630652
52558213884
52677288003
52484278537
52695379666
52165621442
52695795979
52165965363
52854242618
52703593469
52491362514
52703593469
52915142439
52650668945
52491362514
52597193118
52597193118
52915142439
52809311835
52703625603
52597794999
52438426522
52385644148
52637676724
52744390105
52691421507
52478892592
52266242702
52690819622
52479108973
52690819622
52797025202
52531880648
52850437832
52743811008
52266242702
52372487352
52956457568
52690819622
52691386561
52743882304
52903313591
52690819622
53115357472
52690819622
52319637721
52762860131
52549838755
52762860131
52497171515
52454291310
52561424933
52773517777
52773517777
52773517777
52880763734
52826982061
52826757839
52720504163
52614322761
52774212402
52933694174
53093121258
52720504163
53092970692
52811539212
52598506217
52917794609
52437969814
52971543009
53078140154
52437969814
53131361477
52704752245
52812073085
52759084024
52811315511
52758208488
52864462849
53077987505
52705804173
52491426057
52812073085
52971126412
53184617487
53024498487
53237724378
52811357723
52918437883
53237459326
53131244201
52704992925
53131361477
52971126412
52758793234
53344203476
52917834924
52918437883
52758793234
52491426057
52971775356
53237724378
53131247177
53237724378
53131628426
52971050619
52759084024
52811539212
52916207783
52703427909
52862938065
52969479467
53183140590
52757280476
52969479467
52969519676
53129595864
52809736784
52756311372
52776148312
52899746644
53005685549
53219566920
52632280031
52685448840
53005685549
52952674683
52991354980
53099148713
53205224677
52937674533
53152437675
53205640847
53259280970
52991536964
53419178288
52777399431
53321570163
52947397976
53000868793
52679075825
52786161867
53053448810
52893624188
53267504933
53374749493
53107012044
53437734389
52848451915
53444041201
53229442648
53443922897
53229256372
53200883132
53147226279
53146509505
53522142227
52878684930
52878684930
53200405368
53308064423
53629033087
53200405368
53361007726
53254268071
53039467713
53575587657
53200883132
53468429472
53253850798
52878684930
53361390948
53200405368
53414987310
53093899754
53093899754
52985514309
53334715416
53496283403
53334715416
53388351519
53496283403
53012487944
53342934071
53235171499
53557628781
53235129529
53181594496
53127792189
53181594496
53103619689
53371738178
53264693292
53264258059
53479266817
53694612691
53640992621
53157144974
53318215747
53318215747
53372102024
53425534228
53210644155
53748499835
53371649263
53586992072
53317991144
53102757354
53210644155
53318032684
53319080912
53471555030
53875541185
53498733393
53875541185
53983181769
53336256537
53875541185
53551813596
53180343880
53667121792
53504479635
53612926456
53558244534
53396934110
53612544953
53504479635
53558284158
53806137601
53752482799
53589581817
53535970318
53643471948
53643471948
54076133630
53589581817
53698236995
53698236995
53731712145
54002757409
53760083517
53977063282
53812709217
54030316533
53758873141
54084554080
53921209727
53704542244
53921779725
53975931320
53649672558
53812839310
53813834383
54356243690
53921297097
54084994373
53975777415
53976442213
54193459914
54084962126
53794121857
54283960915
53957126965
54555964703
53789778342
54008025250
54246368183
54519388763
54301409621
54301409621
54191787752
53874914637
54203188860
54257939263
54366851905
53819760369
54257583162
54093187125
54203188860
54256976139
53983762883
54336965417
53964807512
54662224175
54552822104
54442662021
54442662021
54881336607
54662345137
54279310232
54786356219
54376327380
54101470324
54433754414
54488710610
54928640760
54764212400
54599147960
54818773768
54378956584
54598577602
54268703777
54598577602
54654342380
54873839902
54488710610
54598536329
54764067141
54433510175
54543622505
54599185586
54268703777
54158603151
54433754414
54268703777
54941397126
54336891861
54501361534
54721604130
54721700123
54831888965
54501546194
54391334774
54556874371
54721721951
54557134457
54281303598
54502082575
54612218212
54611254123
54941397126
54776927453
54831617568
54666908327
54556893171
54831501509
54996207722
54501361534
54721604130
54446831591
55106251227
54171177388
54501317363
54611824572
54886580474
54611254123
54941394098
54611254123
54556893171
54226146350
54263116170
54868884199
55088701796
54868879333
54703905264
54373937149
54483508904
54318311114
54152903003
54648486599
54227231719
54999389714
54779264970
54723496688
54558051413
55054316382
54282514225
55164438470
54779122989
54392867134
54282514225
54724067750
54614437287
54392867134
54503594586
55219513218
55054316382
54944313726
54559296466
54779388708
