49262224530
49172570133
48924229224
49362954179
49157723772
49407710471
49544625009
49255738650
49705361125
49681628050
49630803065
49643112825
49997459890
49870942047
49918861403
50169528746
50306742598
50154121601
50460233397
50377507497
50759273928
50802281409
50721615075
50704694339
50835598433
51222530749
51623474599
51314551992
51912311957
51705157503
52280320267
51777320559
52396433901
52236052399
52031874251
52576050973
52304072478
52508526923
52886709745
53046825373
52779584974
53046802570
52779922694
52877465420
53038146273
53342768810
53235363705
53128181376
52737699765
53515562471
53569015769
53409324400
53681027287
53249183361
53933162079
53444322284
53823427621
53510621672
54325387968
53910164830
53584181486
53910164830
53965205947
54008463468
54008582276
54168105077
54422739661
54311238774
54256420070
54202125846
54700767828
54026520384
54488499145
54635943666
54788860286
54788920301
54902990790
55365133061
54988254747
55099874368
55049799321
55606137534
55327976753
54826857737
54863727959
55477083507
54919366647
54863727959
55227373495
55128651115
55321590450
55828093311
55464389596
55430041067
55655171300
56127294015
56353455508
56013764744
55965456741
56145855434
56486306041
55919007040
56244421124
56073049504
56305322722
56551519531
56437132016
56779428697
56380322469
56691536088
56622471138
56889642112
56828895706
57115972271
56829304069
56829247283
57027546669
57199185021
57085683682
56771490051
57002081222
56944734065
56837780565
56838515539
57286211953
57313121718
57706446079
57602289718
57156619434
57739041946
57738951004
57273072106
57565178601
57898008378
57692758687
57576318817
58577569950
58577743552
58283504499
58766942831
58845078586
58489456623
59143251144
58610944969
59295827031
59294951813
59355964185
59475701276
59277446717
59637135930
59861115290
59620550367
59639464652
60063938293
60078589134
61042626200
60676685832
60924953006
61657449684
61838806373
61864227821
61925630899
61551280567
61659219566
62601213386
62224008991
61972509308
62496831426
62246248521
62720456772
62807918589
62681484167
62992606529
62549458281
62378035789
63098738480
63056425603
62966269876
63443019487
63414067865
63686705980
63750456864
64136538589
63439303291
64019022915
63861643619
63733308969
64081562696
63695291551
64178071369
64527868212
64490057438
