Polygon
0 0
200.00 0
200.00 200.00
0 200.00
...
Circle 149.01 105.92 3.49
Segment 152.49 106.23 127.29 387.95
Segment 145.53 105.61 120.34 387.33
Circle 30.38 116.93 3.30
Segment 30.27 113.63 312.96 104.25
Segment 30.49 120.23 313.18 110.84
Circle 178.46 174.14 2.93
Segment 175.55 173.83 205.93 -107.38
Segment 181.37 174.45 211.75 -106.75
Circle 98.58 61.49 2.35
Segment 100.89 61.91 50.48 340.22
Segment 96.27 61.07 45.85 339.38
Circle 104.19 12.06 3.61
Segment 107.67 11.09 183.33 283.63
Segment 100.71 13.03 176.37 285.56
Circle 65.29 101.15 3.96
Segment 61.33 101.04 69.14 -181.69
Segment 69.25 101.26 77.06 -181.48
Circle 25.69 77.50 2.67
Segment 28.26 76.76 106.64 348.53
Segment 23.12 78.24 101.51 350.01
Circle 145.91 188.38 4.16
Segment 150.07 188.29 155.95 471.08
Segment 141.75 188.47 147.63 471.25
Circle 127.60 55.28 2.10
Segment 129.03 56.81 -77.61 249.94
Segment 126.17 53.75 -80.48 246.87
Circle 175.83 156.13 1.94
Segment 177.44 155.05 334.99 389.95
Segment 174.22 157.21 331.77 392.11
Circle 55.58 170.44 3.55
Segment 54.64 173.86 -218.08 98.85
Segment 56.52 167.02 -216.19 92.01
Circle 98.62 143.63 1.68
Segment 100.26 143.25 164.96 418.59
Segment 96.98 144.01 161.69 419.36
Circle 116.99 126.61 3.44
Segment 117.09 123.17 399.81 131.66
Segment 116.89 130.05 399.60 138.53
Circle 79.39 47.17 4.00
Segment 82.43 49.77 -101.77 264.42
Segment 76.35 44.57 -107.84 259.21
Circle 106.73 69.18 3.46
Segment 107.38 65.78 385.14 119.20
Segment 106.08 72.58 383.83 126.00
Circle 43.03 195.89 2.98
Segment 40.06 195.60 67.63 -85.90
Segment 46.00 196.18 73.56 -85.32
Circle 158.00 173.70 3.49
Segment 160.17 176.43 -61.25 352.43
Segment 155.83 170.97 -65.59 346.96
Circle 37.50 52.53 1.68
Segment 36.72 51.04 287.18 -80.37
Segment 38.28 54.02 288.74 -77.39
Circle 18.11 59.07 3.82
Segment 19.84 55.66 272.01 183.76
Segment 16.38 62.48 268.55 190.57
Circle 22.12 139.22 4.10
Segment 20.51 135.45 280.67 24.48
Segment 23.73 142.99 283.89 32.02
Circle 149.19 25.87 1.86
Segment 150.07 24.23 399.63 157.34
Segment 148.31 27.51 397.88 160.62
Circle 80.83 188.31 4.56
Segment 77.74 184.95 286.01 -6.43
Segment 83.92 191.67 292.18 0.29
Circle 54.07 119.61 4.02
Segment 57.01 122.35 -135.62 329.45
Segment 51.13 116.87 -141.51 323.98
Circle 60.50 118.06 4.34
Segment 64.45 119.87 -53.26 377.05
Segment 56.55 116.25 -61.15 373.44
Circle 26.98 19.04 2.28
Segment 26.17 16.91 290.56 -83.57
Segment 27.79 21.17 292.18 -79.31
Circle 34.19 33.53 1.76
Segment 33.27 32.03 273.92 -116.57
Segment 35.11 35.03 275.77 -113.58
Circle 129.37 149.44 1.77
Segment 129.51 147.68 411.45 170.28
Segment 129.23 151.20 411.17 173.81
Circle 189.43 52.25 3.65
Segment 192.86 51.00 290.06 316.61
Segment 186.00 53.50 283.20 319.12
Circle 190.69 20.82 4.01
Segment 194.17 22.81 53.83 268.38
Segment 187.21 18.83 46.87 264.40
Circle 141.53 155.07 4.18
Segment 143.09 158.95 -119.41 264.28
Segment 139.97 151.19 -122.53 256.52
Circle 34.16 191.33 2.44
Segment 32.31 192.92 -152.56 -21.13
Segment 36.01 189.74 -148.87 -24.32
Circle 71.82 61.98 3.04
Segment 69.20 63.52 -74.37 -180.17
Segment 74.44 60.44 -69.13 -183.26
Circle 127.55 55.43 2.20
Segment 129.64 54.74 218.82 323.15
Segment 125.46 56.12 214.65 324.54
Circle 90.94 132.76 3.00
Segment 87.95 132.47 115.52 -149.03
Segment 93.93 133.05 121.49 -148.44
Circle 58.96 57.22 4.49
Segment 57.99 61.60 -218.14 0.32
Segment 59.93 52.84 -216.19 -8.45
Circle 27.18 92.88 1.91
Segment 25.28 92.69 52.84 -188.80
Segment 29.08 93.07 56.65 -188.43
Circle 37.64 128.72 3.20
Segment 40.72 127.86 116.38 400.40
Segment 34.56 129.58 110.22 402.11
Circle 39.67 184.25 2.96
Segment 42.46 183.26 137.00 449.84
Segment 36.88 185.24 131.42 451.82
Circle 19.71 153.15 2.85
Segment 16.90 152.65 66.88 -125.75
Segment 22.52 153.65 72.49 -124.74
Circle 56.71 140.95 4.45
Segment 54.09 144.55 -174.72 -21.72
Segment 59.33 137.35 -169.48 -28.92
Circle 58.97 53.20 4.04
Segment 56.01 50.45 248.31 -156.96
Segment 61.93 55.95 254.23 -151.47
Circle 39.07 190.12 1.82
Segment 40.61 189.15 191.04 428.67
Segment 37.53 191.09 187.96 430.61
Circle 82.71 104.33 4.21
Segment 86.09 106.84 -82.64 333.84
Segment 79.33 101.82 -89.40 328.82
Circle 68.21 77.60 2.06
Segment 68.74 79.59 -204.48 152.74
Segment 67.68 75.61 -205.54 148.76
Circle 92.43 73.03 1.75
Segment 90.90 73.87 -45.30 -174.02
Segment 93.96 72.19 -42.23 -175.71
Circle 59.65 118.84 2.63
Segment 61.84 120.30 -95.34 355.45
Segment 57.46 117.38 -99.71 352.53
Circle 189.67 180.11 3.51
Segment 193.15 180.56 156.71 461.05
Segment 186.19 179.66 149.75 460.14
Circle 101.16 74.60 3.59
Segment 100.02 71.20 368.22 -18.63
Segment 102.30 78.00 370.50 -11.82
Circle 26.78 88.98 2.72
Segment 29.28 87.92 139.64 348.35
Segment 24.28 90.04 134.63 350.47
Circle 16.09 51.76 2.21
Segment 14.01 51.01 110.36 -214.92
Segment 18.17 52.51 114.52 -213.41
Circle 82.69 118.96 2.23
Segment 80.53 119.52 9.90 -154.36
Segment 84.85 118.40 14.22 -155.48
Circle 151.65 29.11 2.88
Segment 153.53 26.93 368.02 211.29
Segment 149.77 31.29 364.27 215.66
Circle 163.69 83.50 2.13
Segment 165.78 83.10 219.42 360.81
Segment 161.60 83.90 215.24 361.61
Circle 192.18 8.12 3.47
Segment 194.33 5.40 416.03 181.04
Segment 190.03 10.84 411.72 186.48
Circle 129.25 153.51 2.78
Segment 131.19 151.51 334.24 348.41
Segment 127.31 155.51 330.37 352.40
Circle 197.42 188.71 3.01
Segment 196.22 191.47 -63.36 79.14
Segment 198.62 185.95 -60.96 73.62
Circle 42.73 145.64 2.24
Segment 41.59 143.71 285.17 -0.05
Segment 43.87 147.57 287.45 3.81
Circle 65.83 170.06 3.79
Segment 67.28 173.56 -194.16 281.51
Segment 64.38 166.56 -197.05 274.51
Circle 147.23 35.53 2.93
Segment 149.25 37.65 -55.45 232.83
Segment 145.21 33.41 -59.50 228.59
Circle 22.85 176.36 1.76
Segment 21.80 177.77 -205.33 9.22
Segment 23.90 174.95 -203.24 6.40
Circle 66.34 96.11 3.86
Segment 63.87 93.14 281.44 -87.59
Segment 68.81 99.08 286.37 -81.65
Circle 134.15 107.61 4.39
Segment 129.77 107.97 106.50 -173.91
Segment 138.53 107.25 115.25 -174.63
Circle 29.90 60.91 2.10
Segment 28.40 59.44 226.84 -142.11
Segment 31.40 62.38 229.83 -139.17
Circle 43.97 15.39 3.90
Segment 47.32 17.39 -97.91 260.10
Segment 40.62 13.39 -104.60 256.10
Circle 100.00 100.00 2.50
Line 1 0 -100.00
Line 0 1 -100.00
